STATUS | wrapper  | main    | 2016/07/05 13:30:41.861 | --> Wrapper Started as Console
STATUS | wrapper  | main    | 2016/07/05 13:30:41.862 | Java Service Wrapper Standard Edition 64-bit 3.5.24
STATUS | wrapper  | main    | 2016/07/05 13:30:41.862 |   Copyright (C) 1999-2014 Tanuki Software, Ltd. All Rights Reserved.
STATUS | wrapper  | main    | 2016/07/05 13:30:41.862 |     http://wrapper.tanukisoftware.com
STATUS | wrapper  | main    | 2016/07/05 13:30:41.862 |   Licensed to hybris software - www.hybris.com for hybris Platform
STATUS | wrapper  | main    | 2016/07/05 13:30:41.862 | 
STATUS | wrapper  | main    | 2016/07/05 13:30:42.178 | Launching a JVM...
INFO   | jvm 1    | main    | 2016/07/05 13:30:42.280 | Listening for transport dt_socket at address: 8000
INFO   | jvm 1    | main    | 2016/07/05 13:30:42.484 | WrapperManager: Initializing...
INFO   | jvm 1    | main    | 2016/07/05 13:30:42.896 | Jul 05, 2016 1:30:42 PM org.apache.coyote.AbstractProtocol init
INFO   | jvm 1    | main    | 2016/07/05 13:30:42.896 | INFO: Initializing ProtocolHandler ["http-bio-9001"]
INFO   | jvm 1    | main    | 2016/07/05 13:30:42.896 | Jul 05, 2016 1:30:42 PM org.apache.coyote.AbstractProtocol init
INFO   | jvm 1    | main    | 2016/07/05 13:30:42.896 | INFO: Initializing ProtocolHandler ["http-bio-9002"]
INFO   | jvm 1    | main    | 2016/07/05 13:30:43.106 | Jul 05, 2016 1:30:43 PM org.apache.coyote.AbstractProtocol init
INFO   | jvm 1    | main    | 2016/07/05 13:30:43.106 | INFO: Initializing ProtocolHandler ["ajp-bio-8009"]
INFO   | jvm 1    | main    | 2016/07/05 13:30:43.106 | Jul 05, 2016 1:30:43 PM org.apache.catalina.startup.Catalina load
INFO   | jvm 1    | main    | 2016/07/05 13:30:43.106 | INFO: Initialization processed in 530 ms
INFO   | jvm 1    | main    | 2016/07/05 13:30:43.106 | Jul 05, 2016 1:30:43 PM org.apache.catalina.mbeans.JmxRemoteLifecycleListener createServer
INFO   | jvm 1    | main    | 2016/07/05 13:30:43.106 | INFO: The JMX Remote Listener has configured the registry on port 9003 and the server on port 9004 for the Platform server
INFO   | jvm 1    | main    | 2016/07/05 13:30:43.106 | Jul 05, 2016 1:30:43 PM org.apache.catalina.core.StandardService startInternal
INFO   | jvm 1    | main    | 2016/07/05 13:30:43.106 | INFO: Starting service Catalina
INFO   | jvm 1    | main    | 2016/07/05 13:30:43.833 | Jul 05, 2016 1:30:43 PM org.apache.catalina.startup.TaglibUriRule body
INFO   | jvm 1    | main    | 2016/07/05 13:30:43.833 | INFO: TLD skipped. URI: http://displaytag.sf.net/el is already defined
INFO   | jvm 1    | main    | 2016/07/05 13:30:43.833 | Jul 05, 2016 1:30:43 PM org.apache.catalina.startup.TaglibUriRule body
INFO   | jvm 1    | main    | 2016/07/05 13:30:43.833 | INFO: TLD skipped. URI: http://displaytag.sf.net is already defined
INFO   | jvm 1    | main    | 2016/07/05 13:30:44.451 | >>> No SAP licenses found in the system. Trying fallback to hybris license.
INFO   | jvm 1    | main    | 2016/07/05 13:30:44.858 | [32mINFO  [localhost-startStop-1] [AbstractTenant] Created master data source DataSourceImpl<<master/master>>
INFO   | jvm 1    | main    | 2016/07/05 13:30:44.858 | [m[32mINFO  [localhost-startStop-1] [DefaultClusterNodeManagementService] Automatic cluster ID discovery disabled. Configured ID: 0
INFO   | jvm 1    | main    | 2016/07/05 13:30:44.961 | [m[32mINFO  [localhost-startStop-1] [DefaultBroadcastService] Started message broadcast service:
INFO   | jvm 1    | main    | 2016/07/05 13:30:44.961 | clustering (enabled:false)
INFO   | jvm 1    | main    | 2016/07/05 13:30:44.961 | sending synchronously - no queue
INFO   | jvm 1    | main    | 2016/07/05 13:30:44.961 | methods [<loopback>::de.hybris.platform.cluster.LoopBackBroadcastMethod@1693b257]
INFO   | jvm 1    | main    | 2016/07/05 13:30:45.367 | [m[32mINFO  [localhost-startStop-1] [hybrisserver] 
INFO   | jvm 1    | main    | 2016/07/05 13:30:45.367 | [m[32mINFO  [localhost-startStop-1] [hybrisserver] *****************************************************************
INFO   | jvm 1    | main    | 2016/07/05 13:30:45.367 | [m[32mINFO  [localhost-startStop-1] [hybrisserver] 
INFO   | jvm 1    | main    | 2016/07/05 13:30:45.367 | [m[32mINFO  [localhost-startStop-1] [hybrisserver] Starting up hybris server
INFO   | jvm 1    | main    | 2016/07/05 13:30:45.367 | [m[32mINFO  [localhost-startStop-1] [hybrisserver] 
INFO   | jvm 1    | main    | 2016/07/05 13:30:45.367 | [m[32mINFO  [localhost-startStop-1] [hybrisserver] Configuration:
INFO   | jvm 1    | main    | 2016/07/05 13:30:45.368 | [m[32mINFO  [localhost-startStop-1] [hybrisserver] 
INFO   | jvm 1    | main    | 2016/07/05 13:30:45.368 | [m[32mINFO  [localhost-startStop-1] [hybrisserver] Cluster:     disabled
INFO   | jvm 1    | main    | 2016/07/05 13:30:45.368 | [m[32mINFO  [localhost-startStop-1] [hybrisserver] Tenant:      master
INFO   | jvm 1    | main    | 2016/07/05 13:30:45.368 | [m[32mINFO  [localhost-startStop-1] [hybrisserver] Mode:        development
INFO   | jvm 1    | main    | 2016/07/05 13:30:45.368 | [m[32mINFO  [localhost-startStop-1] [hybrisserver] OS:          Mac OS X 10.11, x86_64
INFO   | jvm 1    | main    | 2016/07/05 13:30:45.368 | [m[32mINFO  [localhost-startStop-1] [hybrisserver] Database:    Pool: hybris - hsqldb, table prefix: 
INFO   | jvm 1    | main    | 2016/07/05 13:30:45.368 | [m[32mINFO  [localhost-startStop-1] [hybrisserver]              SA - jdbc:hsqldb:file:/Users/mrangel/git/training/cuppy/hybris/data/hsqldb/mydb;shutdown=true;hsqldb.cache_rows=100000;hsqldb.cache_size=20000;hsqldb.write_delay_millis=1000;hsqldb.inc_backup=true;hsqldb.defrag_limit=2;hsqldb.nio_data_file=false
INFO   | jvm 1    | main    | 2016/07/05 13:30:45.368 | [m[32mINFO  [localhost-startStop-1] [hybrisserver] Platform:    6.0.0.0-SNAPSHOT
INFO   | jvm 1    | main    | 2016/07/05 13:30:45.368 | [m[32mINFO  [localhost-startStop-1] [hybrisserver] Java:        Oracle Corporation
INFO   | jvm 1    | main    | 2016/07/05 13:30:45.368 | [m[32mINFO  [localhost-startStop-1] [hybrisserver]              Java(TM) SE Runtime Environment, 1.8.0_65-b17
INFO   | jvm 1    | main    | 2016/07/05 13:30:45.368 | [m[32mINFO  [localhost-startStop-1] [hybrisserver]              /Library/Java/JavaVirtualMachines/jdk1.8.0_65.jdk/Contents/Home/jre
INFO   | jvm 1    | main    | 2016/07/05 13:30:45.368 | [m[32mINFO  [localhost-startStop-1] [hybrisserver] VM Locale:   language=en,country=US,region=null
INFO   | jvm 1    | main    | 2016/07/05 13:30:45.368 | [m[32mINFO  [localhost-startStop-1] [hybrisserver] Cache:       RegionCache is not yet initialized. [de.hybris.platform.cache.impl.RegionCacheAdapter]
INFO   | jvm 1    | main    | 2016/07/05 13:30:45.368 | [m[32mINFO  [localhost-startStop-1] [hybrisserver] Server type: tomcat
INFO   | jvm 1    | main    | 2016/07/05 13:30:45.368 | [m[32mINFO  [localhost-startStop-1] [hybrisserver] 
INFO   | jvm 1    | main    | 2016/07/05 13:30:45.368 | [m[32mINFO  [localhost-startStop-1] [hybrisserver] *****************************************************************
INFO   | jvm 1    | main    | 2016/07/05 13:30:45.368 | [m[32mINFO  [localhost-startStop-1] [hybrisserver] 
INFO   | jvm 1    | main    | 2016/07/05 13:30:45.368 | [m[32mINFO  [localhost-startStop-1] [hybrisserver] ---------------------------------------------------------------
INFO   | jvm 1    | main    | 2016/07/05 13:30:45.368 | [m[32mINFO  [localhost-startStop-1] [hybrisserver] --- Extensions in dependency order ( options: 
INFO   | jvm 1    | main    | 2016/07/05 13:30:45.368 | [m[32mINFO  [localhost-startStop-1] [hybrisserver] ---  @deprecated: is deprecated, p: platform extension,*: auto-required 
INFO   | jvm 1    | main    | 2016/07/05 13:30:45.368 | [m[32mINFO  [localhost-startStop-1] [hybrisserver] ---  ?: lazy-loaded, i: got items.xml, b: got beans.xml, c: got core module 
INFO   | jvm 1    | main    | 2016/07/05 13:30:45.368 | [m[32mINFO  [localhost-startStop-1] [hybrisserver] ---  w: got web module, h: got HMC module ) 
INFO   | jvm 1    | main    | 2016/07/05 13:30:45.368 | [m[32mINFO  [localhost-startStop-1] [hybrisserver] ---------------------------------------------------------------
INFO   | jvm 1    | main    | 2016/07/05 13:30:45.368 | [m[32mINFO  [localhost-startStop-1] [hybrisserver] core 6.0.0.0-SNAPSHOT [p*cib]
INFO   | jvm 1    | main    | 2016/07/05 13:30:45.368 | [m[32mINFO  [localhost-startStop-1] [hybrisserver] testweb 6.0.0.0-SNAPSHOT [p*w]
INFO   | jvm 1    | main    | 2016/07/05 13:30:45.368 | [m[32mINFO  [localhost-startStop-1] [hybrisserver] scripting 6.0.0.0-SNAPSHOT [p*ci]
INFO   | jvm 1    | main    | 2016/07/05 13:30:45.368 | [m[32mINFO  [localhost-startStop-1] [hybrisserver] paymentstandard 6.0.0.0-SNAPSHOT [p*ci]
INFO   | jvm 1    | main    | 2016/07/05 13:30:45.368 | [m[32mINFO  [localhost-startStop-1] [hybrisserver] mediaweb 6.0.0.0-SNAPSHOT [p*cw]
INFO   | jvm 1    | main    | 2016/07/05 13:30:45.368 | [m[32mINFO  [localhost-startStop-1] [hybrisserver] maintenanceweb 6.0.0.0-SNAPSHOT [p*w]
INFO   | jvm 1    | main    | 2016/07/05 13:30:45.368 | [m[32mINFO  [localhost-startStop-1] [hybrisserver] deliveryzone 6.0.0.0-SNAPSHOT [p*ci]
INFO   | jvm 1    | main    | 2016/07/05 13:30:45.368 | [m[32mINFO  [localhost-startStop-1] [hybrisserver] commons 6.0.0.0-SNAPSHOT [p*ci]
INFO   | jvm 1    | main    | 2016/07/05 13:30:45.368 | [m[32mINFO  [localhost-startStop-1] [hybrisserver] processing->(scripting,commons) 6.0.0.0-SNAPSHOT [p*ci]
INFO   | jvm 1    | main    | 2016/07/05 13:30:45.368 | [m[32mINFO  [localhost-startStop-1] [hybrisserver] impex->processing 6.0.0.0-SNAPSHOT [p*ci]
INFO   | jvm 1    | main    | 2016/07/05 13:30:45.368 | [m[32mINFO  [localhost-startStop-1] [hybrisserver] validation->impex 6.0.0.0-SNAPSHOT [p*ci]
INFO   | jvm 1    | main    | 2016/07/05 13:30:45.368 | [m[32mINFO  [localhost-startStop-1] [hybrisserver] catalog->(validation,commons) 6.0.0.0-SNAPSHOT [p*cib]
INFO   | jvm 1    | main    | 2016/07/05 13:30:45.368 | [m[32mINFO  [localhost-startStop-1] [hybrisserver] europe1->(impex,catalog) 6.0.0.0-SNAPSHOT [p*ci]
INFO   | jvm 1    | main    | 2016/07/05 13:30:45.368 | [m[32mINFO  [localhost-startStop-1] [hybrisserver] platformservices->(paymentstandard,impex,deliveryzone,europe1,processing) 6.0.0.0-SNAPSHOT [p*cb]
INFO   | jvm 1    | main    | 2016/07/05 13:30:45.368 | [m[32mINFO  [localhost-startStop-1] [hybrisserver] workflow->(catalog,platformservices,processing,commons) 6.0.0.0-SNAPSHOT [p*ci]
INFO   | jvm 1    | main    | 2016/07/05 13:30:45.368 | [m[32mINFO  [localhost-startStop-1] [hybrisserver] hac->(impex,catalog,processing,platformservices) 6.0.0.0-SNAPSHOT [p*cw]
INFO   | jvm 1    | main    | 2016/07/05 13:30:45.368 | [m[32mINFO  [localhost-startStop-1] [hybrisserver] comments->(workflow,impex,catalog,processing) 6.0.0.0-SNAPSHOT [p*ci]
INFO   | jvm 1    | main    | 2016/07/05 13:30:45.368 | [m[32mINFO  [localhost-startStop-1] [hybrisserver] advancedsavedquery->(impex,catalog,processing) 6.0.0.0-SNAPSHOT [p*ci]
INFO   | jvm 1    | main    | 2016/07/05 13:30:45.368 | [m[32mINFO  [localhost-startStop-1] [hybrisserver] ldap->(impex,catalog,processing) <-?-platformhmc 6.0.0.0-SNAPSHOT [?ci] path:/Users/mrangel/git/training/cuppy/hybris/bin/ext-platform-optional/ldap
INFO   | jvm 1    | main    | 2016/07/05 13:30:45.368 | [m[32mINFO  [localhost-startStop-1] [hybrisserver] hmc->scripting 6.0.0.0-SNAPSHOT [ciw] path:/Users/mrangel/git/training/cuppy/hybris/bin/ext-platform-optional/hmc
INFO   | jvm 1    | main    | 2016/07/05 13:30:45.368 | [m[32mINFO  [localhost-startStop-1] [hybrisserver] mediaconversion->hmc 6.0.0.0-SNAPSHOT [ciwh] path:/Users/mrangel/git/training/cuppy/hybris/bin/ext-platform-optional/mediaconversion
INFO   | jvm 1    | main    | 2016/07/05 13:30:45.368 | [m[32mINFO  [localhost-startStop-1] [hybrisserver] platformhmc->(ldap,hmc) 6.0.0.0-SNAPSHOT [cibh] path:/Users/mrangel/git/training/cuppy/hybris/bin/ext-platform-optional/platformhmc
INFO   | jvm 1    | main    | 2016/07/05 13:30:45.368 | [m[32mINFO  [localhost-startStop-1] [hybrisserver] cockpit->(comments,workflow,impex,catalog,processing,validation) 6.0.0.0-SNAPSHOT [ci] path:/Users/mrangel/git/training/cuppy/hybris/bin/ext-cockpit/cockpit
INFO   | jvm 1    | main    | 2016/07/05 13:30:45.368 | [m[32mINFO  [localhost-startStop-1] [hybrisserver] mcc->(impex,processing,cockpit) 6.0.0.0-SNAPSHOT [ciw] path:/Users/mrangel/git/training/cuppy/hybris/bin/ext-cockpit/mcc
INFO   | jvm 1    | main    | 2016/07/05 13:30:45.368 | [m[32mINFO  [localhost-startStop-1] [hybrisserver] backoffice 6.0.0.0-SNAPSHOT [ciw] path:/Users/mrangel/git/training/cuppy/hybris/bin/ext-backoffice/backoffice
INFO   | jvm 1    | main    | 2016/07/05 13:30:45.368 | [m[32mINFO  [localhost-startStop-1] [hybrisserver] platformbackoffice->backoffice 6.0.0.0-SNAPSHOT [cib] path:/Users/mrangel/git/training/cuppy/hybris/bin/ext-platform-backoffice/platformbackoffice
INFO   | jvm 1    | main    | 2016/07/05 13:30:45.368 | [m[32mINFO  [localhost-startStop-1] [hybrisserver] admincockpit->(impex,processing,validation,cockpit) 6.0.0.0-SNAPSHOT [ciw] path:/Users/mrangel/git/training/cuppy/hybris/bin/ext-cockpit/admincockpit
INFO   | jvm 1    | main    | 2016/07/05 13:30:45.368 | [m[32mINFO  [localhost-startStop-1] [hybrisserver] ---------------------------------------------------------------
INFO   | jvm 1    | main    | 2016/07/05 13:30:45.878 | [m
INFO   | jvm 1    | main    | 2016/07/05 13:30:46.084 | [32mINFO  [localhost-startStop-1] [HybrisContextFactory] Loading <<global>> spring config from extension (core) located in (global-core-spring.xml,core-cache.xml,global-servicelayer-spring.xml,global-core-jmx-spring.xml,global-statistics-spring.xml) took: (250.4 ms)
INFO   | jvm 1    | main    | 2016/07/05 13:30:46.185 | [m[32mINFO  [localhost-startStop-1] [HybrisContextFactory] Loading <<global>> spring config from extension (mediaconversion) located in (/mediaconversion-global-context.xml) took: (11.15 ms)
INFO   | jvm 1    | main    | 2016/07/05 13:30:46.185 | [m[32mINFO  [localhost-startStop-1] [HybrisContextFactory] Loading <<global>> spring config from extension (cockpit) located in (global-cockpit-spring.xml) took: (11.08 ms)
INFO   | jvm 1    | main    | 2016/07/05 13:30:46.390 | [m[32mINFO  [localhost-startStop-1] [DefaultRMIRegistryService] Creating Registry on port 2198.
INFO   | jvm 1    | main    | 2016/07/05 13:30:46.390 | [m[32mINFO  [localhost-startStop-1] [LocalRMISocketFactory] Creating server socket at '/127.0.0.1:2198'.
INFO   | jvm 1    | main    | 2016/07/05 13:30:46.496 | [m[32mINFO  [localhost-startStop-1] [HybrisContextFactory] - Refreshing SpringContext (Global context) took: (285.5 ms)
INFO   | jvm 1    | main    | 2016/07/05 13:30:46.496 | [m[32mINFO  [localhost-startStop-1] [HybrisContextFactory] Initializing <<global>> Spring ApplicationContext took: (577.8 ms)
INFO   | jvm 1    | main    | 2016/07/05 13:30:46.496 | [m[33mWARN  [localhost-startStop-1] [AutowiredAnnotationBeanPostProcessor] Inconsistent constructor declaration on bean with name 'defaultCacheController': single autowire-marked constructor flagged as optional - this constructor is effectively required since there is no default constructor to fall back to: public de.hybris.platform.regioncache.DefaultCacheController(de.hybris.platform.regioncache.CacheConfiguration)
INFO   | jvm 1    | main    | 2016/07/05 13:30:46.596 | [m[32mINFO  [localhost-startStop-1] [EHCacheRegion] EHCacheRegion entityCacheRegion, eviction policy FIFO, size 100000
INFO   | jvm 1    | main    | 2016/07/05 13:30:46.699 | [m[32mINFO  [localhost-startStop-1] [EHCacheRegion] EHCacheRegion queryCacheRegion, eviction policy FIFO, size 20000
INFO   | jvm 1    | main    | 2016/07/05 13:30:46.804 | [m[32mINFO  [localhost-startStop-1] [DefaultCacheController] Regioncache initialized with region count 5
INFO   | jvm 1    | main    | 2016/07/05 13:30:46.804 | [m[32mINFO  [localhost-startStop-1] [DefaultCacheController] Cache region: Name: typesystemCacheRegion, size: 0, types: [81, 82, 83, 84, 87], statistics: true, class: class de.hybris.platform.regioncache.region.impl.UnlimitedCacheRegion
INFO   | jvm 1    | main    | 2016/07/05 13:30:46.804 | [m[32mINFO  [localhost-startStop-1] [DefaultCacheController] Cache region: Name: entityCacheRegion, size: 100000, types: [__ALL_TYPES__, __NO_QUERY__], exclusive computation: false, statistics: true, class: class de.hybris.platform.regioncache.region.impl.EHCacheRegion
INFO   | jvm 1    | main    | 2016/07/05 13:30:46.804 | [m[32mINFO  [localhost-startStop-1] [DefaultCacheController] Cache region: Name: queryCacheRegion, size: 20000, types: [__QUERY_CACHE__], exclusive computation: false, statistics: true, class: class de.hybris.platform.regioncache.region.impl.EHCacheRegion
INFO   | jvm 1    | main    | 2016/07/05 13:30:46.804 | [m[32mINFO  [localhost-startStop-1] [DefaultCacheController] Cache region: Name: mediaCacheRegion, size: 0, types: [__MEDIA__cache], statistics: true, class: class de.hybris.platform.media.storage.impl.MediaCacheRegion
INFO   | jvm 1    | main    | 2016/07/05 13:30:46.805 | [m[32mINFO  [localhost-startStop-1] [DefaultCacheController] Cache region: Name: scriptsCacheRegion, size: 0, types: [__SCRIPT__], statistics: true, class: class de.hybris.platform.scripting.engine.internal.cache.impl.ScriptsCacheRegion
INFO   | jvm 1    | main    | 2016/07/05 13:30:46.805 | [m[32mINFO  [localhost-startStop-1] [DefaultCacheController] Registered Listener RegionCacheAdapter(2141279793) - <<master>> on cache controller. Currently registered 1
INFO   | jvm 1    | main    | 2016/07/05 13:30:47.113 | [m[32mINFO  [localhost-startStop-1] [HybrisContextFactory] Loading <<application>> spring config <master> from extension (core) located in (core-spring.xml,persistence-spring.xml,core-media-spring.xml,core-profiling-spring.xml,core-jmx-spring.xml,core-filter-spring.xml,servicelayer-spring.xml,user-spring.xml,security-spring.xml,media-spring.xml,i18n-spring.xml,interceptor-spring.xml,event-spring.xml) took: (191.7 ms)
INFO   | jvm 1    | main    | 2016/07/05 13:30:47.113 | [m[32mINFO  [localhost-startStop-1] [HybrisContextFactory] Loading <<application>> spring config <master> from extension (scripting) located in (scripting-spring.xml) took: (9.018 ms)
INFO   | jvm 1    | main    | 2016/07/05 13:30:47.113 | [m[32mINFO  [localhost-startStop-1] [HybrisContextFactory] Loading <<application>> spring config <master> from extension (commons) located in (commons-spring.xml) took: (9.105 ms)
INFO   | jvm 1    | main    | 2016/07/05 13:30:47.214 | [m[32mINFO  [localhost-startStop-1] [HybrisContextFactory] Loading <<application>> spring config <master> from extension (processing) located in (processing-spring.xml,cronjob-spring.xml,task-spring.xml,processengine-spring.xml,processing-jmx-spring.xml,processing-distributed-spring.xml) took: (60.94 ms)
INFO   | jvm 1    | main    | 2016/07/05 13:30:47.214 | [m[32mINFO  [localhost-startStop-1] [HybrisContextFactory] Loading <<application>> spring config <master> from extension (impex) located in (impex-spring.xml) took: (13.66 ms)
INFO   | jvm 1    | main    | 2016/07/05 13:30:47.214 | [m[32mINFO  [localhost-startStop-1] [HybrisContextFactory] Loading <<application>> spring config <master> from extension (validation) located in (validation-spring.xml) took: (15.67 ms)
INFO   | jvm 1    | main    | 2016/07/05 13:30:47.214 | [m[32mINFO  [localhost-startStop-1] [HybrisContextFactory] Loading <<application>> spring config <master> from extension (europe1) located in (europe1-spring.xml) took: (12.56 ms)
INFO   | jvm 1    | main    | 2016/07/05 13:30:47.319 | [m[32mINFO  [localhost-startStop-1] [HybrisContextFactory] Loading <<application>> spring config <master> from extension (platformservices) located in (catalog-spring.xml,order-spring.xml,product-spring.xml,category-spring.xml,classification-spring.xml,jobs-spring.xml,converters-spring.xml) took: (78.19 ms)
INFO   | jvm 1    | main    | 2016/07/05 13:30:47.320 | [m[32mINFO  [localhost-startStop-1] [HybrisContextFactory] Loading <<application>> spring config <master> from extension (workflow) located in (workflow-spring.xml) took: (8.734 ms)
INFO   | jvm 1    | main    | 2016/07/05 13:30:47.320 | [m[32mINFO  [localhost-startStop-1] [HybrisContextFactory] Loading <<application>> spring config <master> from extension (hac) located in (hac-spring.xml) took: (8.843 ms)
INFO   | jvm 1    | main    | 2016/07/05 13:30:47.320 | [m[32mINFO  [localhost-startStop-1] [HybrisContextFactory] Loading <<application>> spring config <master> from extension (comments) located in (comments-spring.xml) took: (8.895 ms)
INFO   | jvm 1    | main    | 2016/07/05 13:30:47.320 | [m[32mINFO  [localhost-startStop-1] [HybrisContextFactory] Loading <<application>> spring config <master> from extension (ldap) located in (ldap-spring.xml) took: (7.500 ms)
INFO   | jvm 1    | main    | 2016/07/05 13:30:47.420 | [m[32mINFO  [localhost-startStop-1] [HybrisContextFactory] Loading <<application>> spring config <master> from extension (mediaconversion) located in (mediaconversion-spring.xml) took: (11.77 ms)
INFO   | jvm 1    | main    | 2016/07/05 13:30:47.420 | [m[32mINFO  [localhost-startStop-1] [HybrisContextFactory] Loading <<application>> spring config <master> from extension (platformhmc) located in (platformhmc-spring.xml) took: (6.138 ms)
INFO   | jvm 1    | main    | 2016/07/05 13:30:47.420 | [m[32mINFO  [localhost-startStop-1] [HybrisContextFactory] Loading <<application>> spring config <master> from extension (cockpit) located in (cockpit-spring.xml) took: (11.89 ms)
INFO   | jvm 1    | main    | 2016/07/05 13:30:47.420 | [m[32mINFO  [localhost-startStop-1] [HybrisContextFactory] Loading <<application>> spring config <master> from extension (mcc) located in (mcc-spring.xml) took: (6.704 ms)
INFO   | jvm 1    | main    | 2016/07/05 13:30:47.420 | [m[32mINFO  [localhost-startStop-1] [HybrisContextFactory] Loading <<application>> spring config <master> from extension (backoffice) located in (backoffice-spring.xml) took: (11.70 ms)
INFO   | jvm 1    | main    | 2016/07/05 13:30:47.420 | [m[32mINFO  [localhost-startStop-1] [HybrisContextFactory] Loading <<application>> spring config <master> from extension (platformbackoffice) located in (platformbackoffice-spring.xml) took: (15.64 ms)
INFO   | jvm 1    | main    | 2016/07/05 13:30:47.420 | [m[32mINFO  [localhost-startStop-1] [HybrisContextFactory] Loading <<application>> spring config <master> from extension (admincockpit) located in (admincockpit-spring.xml) took: (8.617 ms)
INFO   | jvm 1    | main    | 2016/07/05 13:30:47.929 | [m
INFO   | jvm 1    | main    | 2016/07/05 13:30:49.056 | [32mINFO  [localhost-startStop-1] [DefaultCacheController] Registered Listener de.hybris.platform.media.storage.impl.DefaultLocalMediaFileCacheService$MediaCacheLifecycleCallback@377554ac on cache controller. Currently registered 2
INFO   | jvm 1    | main    | 2016/07/05 13:30:49.566 | [m
INFO   | jvm 1    | main    | 2016/07/05 13:30:50.379 | [32mINFO  [localhost-startStop-1] [Reflections] Reflections took 48 ms to scan 1 urls, producing 9 keys and 16 values 
INFO   | jvm 1    | main    | 2016/07/05 13:30:50.379 | [m[32mINFO  [localhost-startStop-1] [Reflections] Reflections took 1 ms to scan 1 urls, producing 2 keys and 5 values 
INFO   | jvm 1    | main    | 2016/07/05 13:30:50.904 | [m
INFO   | jvm 1    | main    | 2016/07/05 13:30:51.723 | [33mWARN  [localhost-startStop-1] [PersistentKeyGenerator] cockpitSavedQuery generator is using deprecated 'numeric' property! Initializing as alphanumeric
INFO   | jvm 1    | main    | 2016/07/05 13:30:52.136 | [m[32mINFO  [localhost-startStop-1] [StatisticsService] adding chart memoryChart
INFO   | jvm 1    | main    | 2016/07/05 13:30:52.136 | [m[32mINFO  [localhost-startStop-1] [StatisticsService] adding chart threadsChart
INFO   | jvm 1    | main    | 2016/07/05 13:30:52.136 | [m[32mINFO  [localhost-startStop-1] [StatisticsService] adding chart osChart
INFO   | jvm 1    | main    | 2016/07/05 13:30:52.136 | [m[32mINFO  [localhost-startStop-1] [StatisticsService] adding chart sessionsChart
INFO   | jvm 1    | main    | 2016/07/05 13:30:52.136 | [m[32mINFO  [localhost-startStop-1] [StatisticsService] adding chart taskQueueSizeChart_master
INFO   | jvm 1    | main    | 2016/07/05 13:30:52.136 | [m[32mINFO  [localhost-startStop-1] [StatisticsService] adding chart taskQueuePoolingSizeChart_master
INFO   | jvm 1    | main    | 2016/07/05 13:30:52.136 | [m[32mINFO  [localhost-startStop-1] [StatisticsService] adding chart dbConnectionsInUseChart_master
INFO   | jvm 1    | main    | 2016/07/05 13:30:52.648 | [m
INFO   | jvm 1    | main    | 2016/07/05 13:30:53.578 | [32mINFO  [localhost-startStop-1] [HybrisContextFactory] - Refreshing SpringContext (hybris Application context - master) took: (6.163 s)
INFO   | jvm 1    | main    | 2016/07/05 13:30:53.578 | [m[32mINFO  [localhost-startStop-1] [HybrisContextFactory] Initializing application Spring ApplicationContext for tenant master  took: (6.670 s)
INFO   | jvm 1    | main    | 2016/07/05 13:30:53.578 | [m[32mINFO  [AfterSaveEventPublisher-master] [DefaultBroadcastService] updating cluster island ID -1->0
INFO   | jvm 1    | main    | 2016/07/05 13:30:53.679 | [m[33mWARN  [AfterSaveEventPublisher-master] [DefaultTaskService] System not initialized. Not starting task module.
INFO   | jvm 1    | main    | 2016/07/05 13:30:54.087 | [m[32mINFO  [localhost-startStop-1] [RemoveDefaultSessionFixationStrategyBeanPostProcessor] Removed Spring default SessionFixationProtectionStrategy, since HybrisSessionFixationProtectionStrategy is already defined
INFO   | jvm 1    | main    | 2016/07/05 13:30:54.294 | [m[32mINFO  [localhost-startStop-1] [HybrisContextLoaderListener] Registered HttpSession timeout listener for '/'
INFO   | jvm 1    | main    | 2016/07/05 13:30:54.812 | [m
INFO   | jvm 1    | main    | 2016/07/05 13:30:55.222 | [32mINFO  [localhost-startStop-1] [Version] HV000001: Hibernate Validator 4.3.2.Final
INFO   | jvm 1    | main    | 2016/07/05 13:30:55.735 | [m
INFO   | jvm 1    | main    | 2016/07/05 13:30:56.458 | [32mINFO  [localhost-startStop-1] (junit) [AbstractTenant] Created master data source DataSourceImpl<<junit/master>>
INFO   | jvm 1    | main    | 2016/07/05 13:30:56.458 | [m[32mINFO  [localhost-startStop-1] (junit) [AbstractTenant] Created alternative data source "alt1"
INFO   | jvm 1    | main    | 2016/07/05 13:30:56.458 | [m[32mINFO  [localhost-startStop-1] (junit) [AbstractTenant] Created alternative data source "alt2"
INFO   | jvm 1    | main    | 2016/07/05 13:30:56.458 | [m[32mINFO  [localhost-startStop-1] (junit) [AbstractTenant] Created alternative data source "a"
INFO   | jvm 1    | main    | 2016/07/05 13:30:56.458 | [m[32mINFO  [localhost-startStop-1] (junit) [AbstractTenant] Created alternative data source "b"
INFO   | jvm 1    | main    | 2016/07/05 13:30:56.458 | [m[32mINFO  [localhost-startStop-1] (junit) [AbstractTenant] Created alternative data source "c"
INFO   | jvm 1    | main    | 2016/07/05 13:30:56.871 | [m[32mINFO  [localhost-startStop-1] (junit) [HybrisContextFactory] Loading <<application>> spring config <junit> from extension (core) located in (core-spring.xml,core-media-spring.xml,persistence-spring.xml,core-profiling-spring.xml,core-jmx-spring.xml,core-filter-spring.xml,servicelayer-spring.xml,user-spring.xml,security-spring.xml,media-spring.xml,i18n-spring.xml,interceptor-spring.xml,event-spring.xml,test/test-core-spring.xml,test/test-impex-spring.xml) took: (125.6 ms)
INFO   | jvm 1    | main    | 2016/07/05 13:30:56.871 | [m[32mINFO  [localhost-startStop-1] (junit) [HybrisContextFactory] Loading <<application>> spring config <junit> from extension (scripting) located in (scripting-spring.xml) took: (7.305 ms)
INFO   | jvm 1    | main    | 2016/07/05 13:30:56.871 | [m[32mINFO  [localhost-startStop-1] (junit) [HybrisContextFactory] Loading <<application>> spring config <junit> from extension (commons) located in (commons-spring.xml) took: (7.111 ms)
INFO   | jvm 1    | main    | 2016/07/05 13:30:56.871 | [m[32mINFO  [localhost-startStop-1] (junit) [HybrisContextFactory] Loading <<application>> spring config <junit> from extension (processing) located in (processing-spring.xml,cronjob-spring.xml,task-spring.xml,processengine-spring.xml,processing-jmx-spring.xml,processing-distributed-spring.xml,test/test-processing-spring.xml) took: (49.32 ms)
INFO   | jvm 1    | main    | 2016/07/05 13:30:56.871 | [m[32mINFO  [localhost-startStop-1] (junit) [HybrisContextFactory] Loading <<application>> spring config <junit> from extension (impex) located in (impex-spring.xml) took: (7.419 ms)
INFO   | jvm 1    | main    | 2016/07/05 13:30:56.975 | [m[32mINFO  [localhost-startStop-1] (junit) [HybrisContextFactory] Loading <<application>> spring config <junit> from extension (validation) located in (validation-spring.xml) took: (11.46 ms)
INFO   | jvm 1    | main    | 2016/07/05 13:30:56.975 | [m[32mINFO  [localhost-startStop-1] (junit) [HybrisContextFactory] Loading <<application>> spring config <junit> from extension (europe1) located in (europe1-spring.xml) took: (6.635 ms)
INFO   | jvm 1    | main    | 2016/07/05 13:30:56.975 | [m[32mINFO  [localhost-startStop-1] (junit) [HybrisContextFactory] Loading <<application>> spring config <junit> from extension (platformservices) located in (catalog-spring.xml,order-spring.xml,product-spring.xml,category-spring.xml,classification-spring.xml,jobs-spring.xml,converters-spring.xml) took: (87.85 ms)
INFO   | jvm 1    | main    | 2016/07/05 13:30:57.077 | [m[32mINFO  [localhost-startStop-1] (junit) [HybrisContextFactory] Loading <<application>> spring config <junit> from extension (workflow) located in (workflow-spring.xml) took: (8.881 ms)
INFO   | jvm 1    | main    | 2016/07/05 13:30:57.078 | [m[32mINFO  [localhost-startStop-1] (junit) [HybrisContextFactory] Loading <<application>> spring config <junit> from extension (hac) located in (hac-spring.xml) took: (6.316 ms)
INFO   | jvm 1    | main    | 2016/07/05 13:30:57.078 | [m[32mINFO  [localhost-startStop-1] (junit) [HybrisContextFactory] Loading <<application>> spring config <junit> from extension (comments) located in (comments-spring.xml) took: (7.249 ms)
INFO   | jvm 1    | main    | 2016/07/05 13:30:57.078 | [m[32mINFO  [localhost-startStop-1] (junit) [HybrisContextFactory] Loading <<application>> spring config <junit> from extension (ldap) located in (ldap-spring.xml) took: (5.716 ms)
INFO   | jvm 1    | main    | 2016/07/05 13:30:57.078 | [m[32mINFO  [localhost-startStop-1] (junit) [HybrisContextFactory] Loading <<application>> spring config <junit> from extension (mediaconversion) located in (mediaconversion-spring.xml) took: (16.74 ms)
INFO   | jvm 1    | main    | 2016/07/05 13:30:57.078 | [m[32mINFO  [localhost-startStop-1] (junit) [HybrisContextFactory] Loading <<application>> spring config <junit> from extension (platformhmc) located in (platformhmc-spring.xml) took: (7.911 ms)
INFO   | jvm 1    | main    | 2016/07/05 13:30:57.078 | [m[32mINFO  [localhost-startStop-1] (junit) [HybrisContextFactory] Loading <<application>> spring config <junit> from extension (cockpit) located in (cockpit-spring.xml) took: (15.52 ms)
INFO   | jvm 1    | main    | 2016/07/05 13:30:57.078 | [m[32mINFO  [localhost-startStop-1] (junit) [HybrisContextFactory] Loading <<application>> spring config <junit> from extension (mcc) located in (mcc-spring.xml) took: (6.863 ms)
INFO   | jvm 1    | main    | 2016/07/05 13:30:57.078 | [m[32mINFO  [localhost-startStop-1] (junit) [HybrisContextFactory] Loading <<application>> spring config <junit> from extension (backoffice) located in (backoffice-spring.xml) took: (10.32 ms)
INFO   | jvm 1    | main    | 2016/07/05 13:30:57.078 | [m[32mINFO  [localhost-startStop-1] (junit) [HybrisContextFactory] Loading <<application>> spring config <junit> from extension (platformbackoffice) located in (platformbackoffice-spring.xml) took: (14.37 ms)
INFO   | jvm 1    | main    | 2016/07/05 13:30:57.179 | [m[32mINFO  [localhost-startStop-1] (junit) [HybrisContextFactory] Loading <<application>> spring config <junit> from extension (admincockpit) located in (admincockpit-spring.xml) took: (8.026 ms)
INFO   | jvm 1    | main    | 2016/07/05 13:30:57.692 | [m[32mINFO  [localhost-startStop-1] (junit) [DefaultCacheController] Registered Listener de.hybris.platform.media.storage.impl.DefaultLocalMediaFileCacheService$MediaCacheLifecycleCallback@1a515505 on cache controller. Currently registered 3
INFO   | jvm 1    | main    | 2016/07/05 13:30:58.200 | [m
INFO   | jvm 1    | main    | 2016/07/05 13:30:58.611 | [33mWARN  [localhost-startStop-1] (junit) [PersistentKeyGenerator] cockpitSavedQuery generator is using deprecated 'numeric' property! Initializing as alphanumeric
INFO   | jvm 1    | main    | 2016/07/05 13:30:58.813 | [m[32mINFO  [localhost-startStop-1] (junit) [StatisticsService] adding chart taskQueueSizeChart_junit
INFO   | jvm 1    | main    | 2016/07/05 13:30:58.813 | [m[32mINFO  [localhost-startStop-1] (junit) [StatisticsService] adding chart taskQueuePoolingSizeChart_junit
INFO   | jvm 1    | main    | 2016/07/05 13:30:58.814 | [m[32mINFO  [localhost-startStop-1] (junit) [StatisticsService] adding chart dbConnectionsInUseChart_junit
INFO   | jvm 1    | main    | 2016/07/05 13:30:59.330 | [m[32mINFO  [localhost-startStop-1] (junit) [HybrisContextFactory] - Refreshing SpringContext (hybris Application context - junit) took: (2.243 s)
INFO   | jvm 1    | main    | 2016/07/05 13:30:59.331 | [m[32mINFO  [localhost-startStop-1] (junit) [HybrisContextFactory] Initializing application Spring ApplicationContext for tenant junit  took: (2.665 s)
INFO   | jvm 1    | main    | 2016/07/05 13:30:59.331 | [m[33mWARN  [AfterSaveEventPublisher-junit] (junit) [DefaultTaskService] System not initialized. Not starting task module.
INFO   | jvm 1    | main    | 2016/07/05 13:30:59.331 | [m[33mWARN  [AfterSaveEventPublisher-junit] (junit) [DefaultTaskService] System not initialized. Not starting task module.
INFO   | jvm 1    | main    | 2016/07/05 13:30:59.434 | [m[32mINFO  [localhost-startStop-1] [HybrisContextLoaderListener] Registered HttpSession timeout listener for '/hmc_junit'
INFO   | jvm 1    | main    | 2016/07/05 13:30:59.947 | [m
INFO   | jvm 1    | main    | 2016/07/05 13:31:00.770 | [32mINFO  [localhost-startStop-1] [RemoveDefaultSessionFixationStrategyBeanPostProcessor] Removed Spring default SessionFixationProtectionStrategy, since HybrisSessionFixationProtectionStrategy is already defined
INFO   | jvm 1    | main    | 2016/07/05 13:31:01.079 | [m[32mINFO  [localhost-startStop-1] [HybrisContextLoaderListener] Registered HttpSession timeout listener for '/admincockpit'
INFO   | jvm 1    | main    | 2016/07/05 13:31:01.594 | [m
INFO   | jvm 1    | main    | 2016/07/05 13:31:02.111 | Jul 05, 2016 1:31:02 PM org.apache.catalina.startup.TaglibUriRule body
INFO   | jvm 1    | main    | 2016/07/05 13:31:02.111 | INFO: TLD skipped. URI: http://displaytag.sf.net/el is already defined
INFO   | jvm 1    | main    | 2016/07/05 13:31:02.111 | Jul 05, 2016 1:31:02 PM org.apache.catalina.startup.TaglibUriRule body
INFO   | jvm 1    | main    | 2016/07/05 13:31:02.111 | INFO: TLD skipped. URI: http://displaytag.sf.net is already defined
INFO   | jvm 1    | main    | 2016/07/05 13:31:02.213 | [32mINFO  [localhost-startStop-1] (junit) [RemoveDefaultSessionFixationStrategyBeanPostProcessor] Removed Spring default SessionFixationProtectionStrategy, since HybrisSessionFixationProtectionStrategy is already defined
INFO   | jvm 1    | main    | 2016/07/05 13:31:02.316 | [m[32mINFO  [localhost-startStop-1] [HybrisContextLoaderListener] Registered HttpSession timeout listener for '/hac_junit'
INFO   | jvm 1    | main    | 2016/07/05 13:31:02.834 | [m
INFO   | jvm 1    | main    | 2016/07/05 13:31:03.450 | [32mINFO  [localhost-startStop-1] [HybrisContextLoaderListener] Registered HttpSession timeout listener for '/hmc'
INFO   | jvm 1    | main    | 2016/07/05 13:31:03.968 | [m
INFO   | jvm 1    | main    | 2016/07/05 13:31:04.378 | [32mINFO  [localhost-startStop-1] [HybrisContextLoaderListener] Registered HttpSession timeout listener for '/mcc'
INFO   | jvm 1    | main    | 2016/07/05 13:31:04.689 | [m[32mINFO  [localhost-startStop-1] [HybrisContextLoaderListener] Registered HttpSession timeout listener for '/mediaconversion'
INFO   | jvm 1    | main    | 2016/07/05 13:31:05.206 | [m
INFO   | jvm 1    | main    | 2016/07/05 13:31:11.191 | [32mINFO  [localhost-startStop-1] [RemoveDefaultSessionFixationStrategyBeanPostProcessor] Removed Spring default SessionFixationProtectionStrategy, since HybrisSessionFixationProtectionStrategy is already defined
INFO   | jvm 1    | main    | 2016/07/05 13:31:11.292 | [m[32mINFO  [localhost-startStop-1] [HybrisContextLoaderListener] Registered HttpSession timeout listener for '/backoffice'
INFO   | jvm 1    | main    | 2016/07/05 13:31:11.392 | [m[32mINFO  [localhost-startStop-1] [WebManager] Starting ZK 8.0.0 EE (build: 2015100612)
INFO   | jvm 1    | main    | 2016/07/05 13:31:11.392 | [m[32mINFO  [localhost-startStop-1] [ConfigParser] Loading system default
INFO   | jvm 1    | main    | 2016/07/05 13:31:11.497 | [m[32mINFO  [localhost-startStop-1] [ConfigParser] Parsing jar:file:/Users/mrangel/git/training/cuppy/hybris/bin/ext-backoffice/backoffice/web/webroot/WEB-INF/lib/cockpitframework-2.4.0-RC8.jar!/metainfo/zk/zk.xml
INFO   | jvm 1    | main    | 2016/07/05 13:31:11.497 | [m[32mINFO  [localhost-startStop-1] [ConfigParser] Parsing jar:file:/Users/mrangel/git/training/cuppy/hybris/bin/ext-backoffice/backoffice/web/webroot/WEB-INF/lib/zul-8.0.0.jar!/metainfo/zk/zk.xml
INFO   | jvm 1    | main    | 2016/07/05 13:31:11.497 | [m[32mINFO  [localhost-startStop-1] [ConfigParser] Parsing jar:file:/Users/mrangel/git/training/cuppy/hybris/bin/ext-backoffice/backoffice/web/webroot/WEB-INF/lib/zkex-8.0.0.jar!/metainfo/zk/zk.xml
INFO   | jvm 1    | main    | 2016/07/05 13:31:11.600 | [m[32mINFO  [localhost-startStop-1] [ConfigParser] Parsing jar:file:/Users/mrangel/git/training/cuppy/hybris/bin/ext-backoffice/backoffice/web/webroot/WEB-INF/lib/zkmax-8.0.0.jar!/metainfo/zk/zk.xml
INFO   | jvm 1    | main    | 2016/07/05 13:31:12.114 | [m
INFO   | jvm 1    | main    | 2016/07/05 13:31:12.218 | [32mINFO  [localhost-startStop-1] [HybrisContextLoaderListener] Registered HttpSession timeout listener for '/test'
INFO   | jvm 1    | main    | 2016/07/05 13:31:12.531 | [mJul 05, 2016 1:31:12 PM org.apache.coyote.AbstractProtocol start
INFO   | jvm 1    | main    | 2016/07/05 13:31:12.531 | INFO: Starting ProtocolHandler ["http-bio-9001"]
INFO   | jvm 1    | main    | 2016/07/05 13:31:12.531 | Jul 05, 2016 1:31:12 PM org.apache.coyote.AbstractProtocol start
INFO   | jvm 1    | main    | 2016/07/05 13:31:12.531 | INFO: Starting ProtocolHandler ["http-bio-9002"]
INFO   | jvm 1    | main    | 2016/07/05 13:31:12.531 | Jul 05, 2016 1:31:12 PM org.apache.coyote.AbstractProtocol start
INFO   | jvm 1    | main    | 2016/07/05 13:31:12.531 | INFO: Starting ProtocolHandler ["ajp-bio-8009"]
INFO   | jvm 1    | main    | 2016/07/05 13:31:12.531 | Jul 05, 2016 1:31:12 PM org.apache.catalina.startup.Catalina start
INFO   | jvm 1    | main    | 2016/07/05 13:31:12.531 | INFO: Server startup in 29453 ms
INFO   | jvm 1    | main    | 2016/07/05 13:31:34.578 | [33mWARN  [hybrisHTTP1] [RedirectWhenSystemIsNotInitializedFilter] System is NOT initialized. Redirect processing.
INFO   | jvm 1    | main    | 2016/07/05 13:31:34.578 | [m[33mWARN  [hybrisHTTP7] [RedirectWhenSystemIsNotInitializedFilter] System is NOT initialized. Redirect processing.
INFO   | jvm 1    | main    | 2016/07/05 13:31:34.578 | [m[33mWARN  [hybrisHTTP7] [SessionFilter] Cannot create session (reason: system not initialized)
INFO   | jvm 1    | main    | 2016/07/05 13:31:34.678 | [m[32mINFO  [hybrisHTTP7] [MetaInformationManagerEJB] error getting system init/update timestamp: user lacks privilege or object not found: PROPS - ignored
INFO   | jvm 1    | main    | 2016/07/05 13:31:34.882 | [mJul 05, 2016 1:31:34 PM org.apache.jasper.compiler.TldLocationsCache tldScanJar
INFO   | jvm 1    | main    | 2016/07/05 13:31:34.883 | INFO: At least one JAR was scanned for TLDs yet contained no TLDs. Enable debug logging for this logger for a complete list of JARs that were scanned but no TLDs were found in them. Skipping unneeded JARs during scanning can improve startup time and JSP compilation time.
INFO   | jvm 1    | main    | 2016/07/05 13:31:36.208 | [33mWARN  [hybrisHTTP31] [RedirectWhenSystemIsNotInitializedFilter] System is NOT initialized. Redirect processing.
INFO   | jvm 1    | main    | 2016/07/05 13:31:36.208 | [m[33mWARN  [hybrisHTTP31] [SessionFilter] Cannot create session (reason: system not initialized)
INFO   | jvm 1    | main    | 2016/07/05 13:31:36.726 | [m
INFO   | jvm 1    | main    | 2016/07/05 13:32:52.423 | [33mWARN  [hybrisHTTP34] [RedirectWhenSystemIsNotInitializedFilter] System is NOT initialized. Redirect processing.
INFO   | jvm 1    | main    | 2016/07/05 13:32:52.423 | [m[33mWARN  [hybrisHTTP34] [SessionFilter] Cannot create session (reason: system not initialized)
INFO   | jvm 1    | main    | 2016/07/05 13:32:52.630 | [m[32mINFO  [hybrisHTTP34] [DefaultTaskService] Task engine already stopped.
INFO   | jvm 1    | main    | 2016/07/05 13:32:52.730 | [m[32mINFO  [hybrisHTTP34] [Initialization] ###############################################################
INFO   | jvm 1    | main    | 2016/07/05 13:32:52.730 | [m[32mINFO  [hybrisHTTP34] [Initialization] Initialize system ...
INFO   | jvm 1    | main    | 2016/07/05 13:32:52.730 | [m[32mINFO  [hybrisHTTP34] [Initialization] ###############################################################
INFO   | jvm 1    | main    | 2016/07/05 13:32:52.730 | [m[32mINFO  [hybrisHTTP34] [Initialization] Please wait. This step can take some minutes to complete.
INFO   | jvm 1    | main    | 2016/07/05 13:32:52.730 | [m[32mINFO  [hybrisHTTP34] [Initialization] If you do not receive any feedback on this page in this time, consult the applicationserver logs for possible errors.
INFO   | jvm 1    | main    | 2016/07/05 13:32:52.730 | [m[32mINFO  [hybrisHTTP34] [Initialization] Dropping old and creating new empty system ... 
INFO   | jvm 1    | main    | 2016/07/05 13:32:52.730 | [m[32mINFO  [hybrisHTTP34] [Initialization] ### Starting type system initialization
INFO   | jvm 1    | main    | 2016/07/05 13:32:52.831 | [m[32mINFO  [hybrisHTTP34] [Initialization] >>> Creating schema and type system...
INFO   | jvm 1    | main    | 2016/07/05 13:32:52.831 | [m[32mINFO  [hybrisHTTP34] [HybrisSchemaGenerator] Reading type system Information.
INFO   | jvm 1    | main    | 2016/07/05 13:32:53.343 | [m
INFO   | jvm 1    | main    | 2016/07/05 13:32:53.443 | [32mINFO  [hybrisHTTP34] [HybrisSchemaGenerator] Read type system Information. Time taken 624.8 ms
INFO   | jvm 1    | main    | 2016/07/05 13:32:53.443 | [m[32mINFO  [hybrisHTTP34] [HybrisSchemaGenerator] Preparing  Db model. 
INFO   | jvm 1    | main    | 2016/07/05 13:32:53.952 | [m
INFO   | jvm 1    | main    | 2016/07/05 13:32:54.468 | [32mINFO  [hybrisHTTP34] [DatabaseModelGenerator] Prepared Database Model with (370) tables.
INFO   | jvm 1    | main    | 2016/07/05 13:32:54.468 | [m[32mINFO  [hybrisHTTP34] [HybrisSchemaGenerator] Prepared  Db model. Time taken 1.045 s
INFO   | jvm 1    | main    | 2016/07/05 13:32:54.570 | [m[32mINFO  [hybrisHTTP34] [HybrisSchemaGenerator] Preparing  Statements
INFO   | jvm 1    | main    | 2016/07/05 13:32:55.084 | [m
INFO   | jvm 1    | main    | 2016/07/05 13:32:55.815 | [32mINFO  [hybrisHTTP34] [HybrisSchemaGenerator] Prepared  Statements. Time taken 1.241 s
INFO   | jvm 1    | main    | 2016/07/05 13:32:55.815 | [m[32mINFO  [hybrisHTTP34] [DefaultDbScriptsExecutor] ###### Executing DDL Drop Statements in batch mode ##########
INFO   | jvm 1    | main    | 2016/07/05 13:32:55.916 | [m[32mINFO  [hybrisHTTP34] [DefaultDbScriptsExecutor] Executed 237 Statements. Time taken: 13.46 ms
INFO   | jvm 1    | main    | 2016/07/05 13:32:55.916 | [m[32mINFO  [hybrisHTTP34] [DefaultDbScriptsExecutor] ###### Executing DDL Statements in batch mode ###############
INFO   | jvm 1    | main    | 2016/07/05 13:32:56.120 | [m[32mINFO  [hybrisHTTP34] [DefaultDbScriptsExecutor] Executed 740 Statements. Time taken: 204.4 ms
INFO   | jvm 1    | main    | 2016/07/05 13:32:56.121 | [m[32mINFO  [hybrisHTTP34] [DefaultDbScriptsExecutor] ###### Executing DML Statements in batch mode ###############
INFO   | jvm 1    | main    | 2016/07/05 13:32:56.639 | [m
INFO   | jvm 1    | main    | 2016/07/05 13:33:22.018 | [32mINFO  [hybrisHTTP34] [DefaultDbScriptsExecutor] Executed 13944 Statements. Time taken: 25.91 s
INFO   | jvm 1    | main    | 2016/07/05 13:33:22.018 | [m[32mINFO  [hybrisHTTP34] [HybrisSchemaGenerator] DDL DROP Script generated to: /Users/mrangel/git/training/cuppy/hybris/temp/hybris/init_master_drop_schema.sql
INFO   | jvm 1    | main    | 2016/07/05 13:33:22.018 | [m[32mINFO  [hybrisHTTP34] [HybrisSchemaGenerator] DDL CREATE Script generated to: /Users/mrangel/git/training/cuppy/hybris/temp/hybris/init_master_schema.sql
INFO   | jvm 1    | main    | 2016/07/05 13:33:22.018 | [m[32mINFO  [hybrisHTTP34] [HybrisSchemaGenerator] DML Script generated to: /Users/mrangel/git/training/cuppy/hybris/temp/hybris/init_master_data.sql
INFO   | jvm 1    | main    | 2016/07/05 13:33:22.018 | [m[32mINFO  [hybrisHTTP34] [Initialization] >>> Reloading persistence...
INFO   | jvm 1    | main    | 2016/07/05 13:33:22.535 | [m
INFO   | jvm 1    | main    | 2016/07/05 13:33:23.148 | [32mINFO  [hybrisHTTP34] [Initialization] >>> Clearing cache...
INFO   | jvm 1    | main    | 2016/07/05 13:33:23.148 | [m[32mINFO  [hybrisHTTP34] [Initialization] >>> Initialize media storages ...
INFO   | jvm 1    | main    | 2016/07/05 13:33:23.148 | [m[32mINFO  [hybrisHTTP34] [Initialization] ### Done type system initialization in 0d 00h:00m:30s:447ms.
INFO   | jvm 1    | main    | 2016/07/05 13:33:23.148 | [m[32mINFO  [hybrisHTTP34] [Initialization] Restarting system internals ....
INFO   | jvm 1    | main    | 2016/07/05 13:33:23.252 | [m[32mINFO  [hybrisHTTP34] [DefaultTaskService] Task engine already stopped.
INFO   | jvm 1    | main    | 2016/07/05 13:33:23.253 | [m[32mINFO  [hybrisHTTP34] [DefaultTaskService] Task engine already stopped.
INFO   | jvm 1    | main    | 2016/07/05 13:33:23.354 | [m[32mINFO  [hybrisHTTP34] [Licence] ##########################################################################
INFO   | jvm 1    | main    | 2016/07/05 13:33:23.354 | [m[32mINFO  [hybrisHTTP34] [Licence] This Hybris licence is only for demo or develop usage and is valid for 30 days.
INFO   | jvm 1    | main    | 2016/07/05 13:33:23.354 | [m[32mINFO  [hybrisHTTP34] [Licence] After this time you have to reinitialize database to continue your work.
INFO   | jvm 1    | main    | 2016/07/05 13:33:23.354 | [m[32mINFO  [hybrisHTTP34] [Licence] Remaining days ====> 30
INFO   | jvm 1    | main    | 2016/07/05 13:33:23.354 | [m[32mINFO  [hybrisHTTP34] [Licence] ##########################################################################
INFO   | jvm 1    | main    | 2016/07/05 13:33:23.868 | [m
INFO   | jvm 1    | main    | 2016/07/05 13:33:24.282 | [32mINFO  [hybrisHTTP34] [DefaultModelConverterRegistry] Clearing the ConverterRegistry after tenant <<master>> restart 
INFO   | jvm 1    | main    | 2016/07/05 13:33:24.282 | [m[32mINFO  [hybrisHTTP34] [DefaultBroadcastService] updating cluster island ID 0->15481123719086096
INFO   | jvm 1    | main    | 2016/07/05 13:33:24.490 | [m[32mINFO  [hybrisHTTP34] [DefaultTaskService] Task engine starting up (min:10 max:10 idle:20s interval:10s)
INFO   | jvm 1    | main    | 2016/07/05 13:33:24.490 | [m[32mINFO  [Task-master-poll] [DefaultTaskService] Polling thread started.
INFO   | jvm 1    | main    | 2016/07/05 13:33:24.490 | [m[32mINFO  [hybrisHTTP34] [DefaultModelConverterRegistry] loading model converters: 
INFO   | jvm 1    | main    | 2016/07/05 13:33:24.490 | [m[32mINFO  [hybrisHTTP34] [DefaultModelConverterRegistry] 	pre-fetch mode:default
INFO   | jvm 1    | main    | 2016/07/05 13:33:25.002 | [m
INFO   | jvm 1    | main    | 2016/07/05 13:33:25.103 | [32mINFO  [hybrisHTTP34] [Initialization] Clearing hmc configuration from database ...
INFO   | jvm 1    | main    | 2016/07/05 13:33:25.103 | [m[32mINFO  [hybrisHTTP34] [Initialization] Creating essential data ...
INFO   | jvm 1    | main    | 2016/07/05 13:33:25.103 | [m[32mINFO  [hybrisHTTP34] [Initialization] Creating essential data for core ...
INFO   | jvm 1    | main    | 2016/07/05 13:33:25.414 | [m[32mINFO  [hybrisHTTP34] [LangPackDataCreator] creating language 'de'
INFO   | jvm 1    | main    | 2016/07/05 13:33:25.414 | [m[32mINFO  [hybrisHTTP34] [LangPackDataCreator] creating language 'en'
INFO   | jvm 1    | main    | 2016/07/05 13:33:25.414 | [m[32mINFO  [hybrisHTTP34] [LangPackDataCreator] creating language 'es'
INFO   | jvm 1    | main    | 2016/07/05 13:33:25.414 | [m[32mINFO  [hybrisHTTP34] [LangPackDataCreator] creating language 'es_CO'
INFO   | jvm 1    | main    | 2016/07/05 13:33:25.414 | [m[32mINFO  [hybrisHTTP34] [LangPackDataCreator] creating language 'fr'
INFO   | jvm 1    | main    | 2016/07/05 13:33:25.414 | [m[32mINFO  [hybrisHTTP34] [LangPackDataCreator] creating language 'it'
INFO   | jvm 1    | main    | 2016/07/05 13:33:25.414 | [m[32mINFO  [hybrisHTTP34] [LangPackDataCreator] creating language 'ja'
INFO   | jvm 1    | main    | 2016/07/05 13:33:25.414 | [m[32mINFO  [hybrisHTTP34] [LangPackDataCreator] creating language 'ko'
INFO   | jvm 1    | main    | 2016/07/05 13:33:25.414 | [m[32mINFO  [hybrisHTTP34] [LangPackDataCreator] creating language 'pt'
INFO   | jvm 1    | main    | 2016/07/05 13:33:25.414 | [m[32mINFO  [hybrisHTTP34] [LangPackDataCreator] creating language 'ru'
INFO   | jvm 1    | main    | 2016/07/05 13:33:25.414 | [m[32mINFO  [hybrisHTTP34] [LangPackDataCreator] creating language 'zh'
INFO   | jvm 1    | main    | 2016/07/05 13:33:25.414 | [m[32mINFO  [hybrisHTTP34] [LangPackDataCreator] creating language 'zh_TW'
INFO   | jvm 1    | main    | 2016/07/05 13:33:25.414 | [m[32mINFO  [hybrisHTTP34] [LangPackDataCreator] creating language 'hi'
INFO   | jvm 1    | main    | 2016/07/05 13:33:25.414 | [m[32mINFO  [hybrisHTTP34] [LangPackDataCreator] creating language 'id'
INFO   | jvm 1    | main    | 2016/07/05 13:33:25.414 | [m[32mINFO  [hybrisHTTP34] [LangPackDataCreator] processing lang pack iso code 'de'
INFO   | jvm 1    | main    | 2016/07/05 13:33:25.414 | [m[32mINFO  [hybrisHTTP34] [LangPackDataCreator] processing lang pack iso code 'en'
INFO   | jvm 1    | main    | 2016/07/05 13:33:25.516 | [m[32mINFO  [hybrisHTTP34] [LangPackDataCreator] processing lang pack iso code 'es'
INFO   | jvm 1    | main    | 2016/07/05 13:33:25.516 | [m[32mINFO  [hybrisHTTP34] [LangPackDataCreator] processing lang pack iso code 'es_CO'
INFO   | jvm 1    | main    | 2016/07/05 13:33:25.516 | [m[32mINFO  [hybrisHTTP34] [LangPackDataCreator] processing lang pack iso code 'fr'
INFO   | jvm 1    | main    | 2016/07/05 13:33:25.618 | [m[32mINFO  [hybrisHTTP34] [LangPackDataCreator] processing lang pack iso code 'it'
INFO   | jvm 1    | main    | 2016/07/05 13:33:25.618 | [m[32mINFO  [hybrisHTTP34] [LangPackDataCreator] processing lang pack iso code 'ja'
INFO   | jvm 1    | main    | 2016/07/05 13:33:25.618 | [m[32mINFO  [hybrisHTTP34] [LangPackDataCreator] processing lang pack iso code 'ko'
INFO   | jvm 1    | main    | 2016/07/05 13:33:25.618 | [m[32mINFO  [hybrisHTTP34] [LangPackDataCreator] processing lang pack iso code 'pt'
INFO   | jvm 1    | main    | 2016/07/05 13:33:25.722 | [m[32mINFO  [hybrisHTTP34] [LangPackDataCreator] processing lang pack iso code 'ru'
INFO   | jvm 1    | main    | 2016/07/05 13:33:25.722 | [m[32mINFO  [hybrisHTTP34] [LangPackDataCreator] processing lang pack iso code 'zh'
INFO   | jvm 1    | main    | 2016/07/05 13:33:25.722 | [m[32mINFO  [hybrisHTTP34] [LangPackDataCreator] processing lang pack iso code 'zh_TW'
INFO   | jvm 1    | main    | 2016/07/05 13:33:25.722 | [m[32mINFO  [hybrisHTTP34] [LangPackDataCreator] processing lang pack iso code 'hi'
INFO   | jvm 1    | main    | 2016/07/05 13:33:25.827 | [m[32mINFO  [hybrisHTTP34] [LangPackDataCreator] processing lang pack iso code 'id'
INFO   | jvm 1    | main    | 2016/07/05 13:33:26.135 | [m[32mINFO  [hybrisHTTP34] [Initialization] Creating essential data for testweb ...
INFO   | jvm 1    | main    | 2016/07/05 13:33:26.136 | [m[32mINFO  [hybrisHTTP34] [Initialization] Creating essential data for scripting ...
INFO   | jvm 1    | main    | 2016/07/05 13:33:26.136 | [m[32mINFO  [hybrisHTTP34] [Initialization] Creating essential data for paymentstandard ...
INFO   | jvm 1    | main    | 2016/07/05 13:33:26.136 | [m[32mINFO  [hybrisHTTP34] [Initialization] Creating essential data for mediaweb ...
INFO   | jvm 1    | main    | 2016/07/05 13:33:26.136 | [m[32mINFO  [hybrisHTTP34] [Initialization] Creating essential data for maintenanceweb ...
INFO   | jvm 1    | main    | 2016/07/05 13:33:26.136 | [m[32mINFO  [hybrisHTTP34] [Initialization] Creating essential data for deliveryzone ...
INFO   | jvm 1    | main    | 2016/07/05 13:33:26.136 | [m[32mINFO  [hybrisHTTP34] [Initialization] Creating essential data for commons ...
INFO   | jvm 1    | main    | 2016/07/05 13:33:26.136 | [m[32mINFO  [hybrisHTTP34] [Initialization] Creating essential data for processing ...
INFO   | jvm 1    | main    | 2016/07/05 13:33:26.136 | [m[32mINFO  [hybrisHTTP34] [CronJobManager] importing resource /cronjob/DefaultCronJobFinishNotificationTemplate.csv
INFO   | jvm 1    | main    | 2016/07/05 13:33:26.342 | [m[32mINFO  [hybrisHTTP34] (00000000-ImpEx-Import) [ImpExImportJob] Starting ImpEx cronjob "ImpEx-Import"
INFO   | jvm 1    | main    | 2016/07/05 13:33:26.342 | [m[32mINFO  [hybrisHTTP34] (00000000-ImpEx-Import) [ImpExImportReader] no result provided for value line ValueLine[,line 3 at main script,null,HeaderDescriptor[line 2 at main script, remove, Media, {}, [code, mime, realfilename, @media] ],{1=ValueEntry('DefaultCronJobFinishNotificationTemplate_de'=DefaultCronJobFinishNotificationTemplate_de,unresolved=false,ignore=false), 2=ValueEntry('text/plain'=null,unresolved=null,ignore=false), 3=ValueEntry('DefaultCronJobFinishNotificationTemplate_de.vm'=null,unresolved=null,ignore=false), 4=ValueEntry('jar:/cronjob/DefaultCronJobFinishNotificationTemplate_de.vm'=null,unresolved=null,ignore=false), 5=ValueEntry(''=null,unresolved=null,ignore=false)}]
INFO   | jvm 1    | main    | 2016/07/05 13:33:26.342 | [m[32mINFO  [hybrisHTTP34] (00000000-ImpEx-Import) [ImpExImportReader] no result provided for value line ValueLine[,line 4 at main script,null,HeaderDescriptor[line 2 at main script, remove, Media, {}, [code, mime, realfilename, @media] ],{1=ValueEntry('DefaultCronJobFinishNotificationTemplate_en'=DefaultCronJobFinishNotificationTemplate_en,unresolved=false,ignore=false), 2=ValueEntry('text/plain'=null,unresolved=null,ignore=false), 3=ValueEntry('DefaultCronJobFinishNotificationTemplate_en.vm'=null,unresolved=null,ignore=false), 4=ValueEntry('jar:/cronjob/DefaultCronJobFinishNotificationTemplate_en.vm'=null,unresolved=null,ignore=false), 5=ValueEntry(''=null,unresolved=null,ignore=false)}]
INFO   | jvm 1    | main    | 2016/07/05 13:33:26.573 | [m[32mINFO  [hybrisHTTP34] (00000000-ImpEx-Import) [ConfigurationImpl] HV000002: Ignoring XML configuration.
INFO   | jvm 1    | main    | 2016/07/05 13:33:26.773 | [m[32mINFO  [hybrisHTTP34] (00000000-ImpEx-Import) [Importer] Finished 1 pass in 0d 00h:00m:00s:431ms - processed: 5, no lines dumped (last pass 0)
INFO   | jvm 1    | main    | 2016/07/05 13:33:26.773 | [m[32mINFO  [hybrisHTTP34] [SessionCtxValueJDBCCleaner] ########################################################################################
INFO   | jvm 1    | main    | 2016/07/05 13:33:26.773 | [m[32mINFO  [hybrisHTTP34] [SessionCtxValueJDBCCleaner] Performing SessionCtxValueJDBCCleaner.
INFO   | jvm 1    | main    | 2016/07/05 13:33:26.773 | If it is not desired, switch the jdbc.clean.sessionContextValues flag to false (or remove it completely)
INFO   | jvm 1    | main    | 2016/07/05 13:33:26.774 | [m[32mINFO  [hybrisHTTP34] [SessionCtxValueJDBCCleaner] ########################################################################################
INFO   | jvm 1    | main    | 2016/07/05 13:33:26.979 | [m[32mINFO  [hybrisHTTP34] [Initialization] Creating essential data for impex ...
INFO   | jvm 1    | main    | 2016/07/05 13:33:26.979 | [m[32mINFO  [hybrisHTTP34] [ImpExSystemSetup] importing resource : /impex/essentialdata-ImpexSystemSetupTestDefault.impex
INFO   | jvm 1    | main    | 2016/07/05 13:33:26.979 | [m[32mINFO  [hybrisHTTP34] (00000001-ImpEx-Import) [ImpExImportJob] Starting ImpEx cronjob "ImpEx-Import"
INFO   | jvm 1    | main    | 2016/07/05 13:33:26.979 | [m[32mINFO  [hybrisHTTP34] (00000001-ImpEx-Import) [Importer] Finished 1 pass in 0d 00h:00m:00s:000ms - processed: 0, no lines dumped (last pass 0)
INFO   | jvm 1    | main    | 2016/07/05 13:33:27.084 | [m[32mINFO  [hybrisHTTP34] [Initialization] Creating essential data for validation ...
INFO   | jvm 1    | main    | 2016/07/05 13:33:27.084 | [m[32mINFO  [hybrisHTTP34] [Initialization] Creating essential data for catalog ...
INFO   | jvm 1    | main    | 2016/07/05 13:33:27.289 | [m[32mINFO  [hybrisHTTP34] [CatalogManager] Importing resource /catalog/cataloguserrights.csv
INFO   | jvm 1    | main    | 2016/07/05 13:33:27.289 | [m[32mINFO  [hybrisHTTP34] (00000002-ImpEx-Import) [ImpExImportJob] Starting ImpEx cronjob "ImpEx-Import"
INFO   | jvm 1    | main    | 2016/07/05 13:33:27.289 | [m[32mINFO  [hybrisHTTP34] (00000002-ImpEx-Import) [Importer] Finished 1 pass in 0d 00h:00m:00s:017ms - processed: 0, no lines dumped (last pass 0)
INFO   | jvm 1    | main    | 2016/07/05 13:33:27.289 | [m[32mINFO  [hybrisHTTP34] [CatalogManager] Importing resource /catalog/essentialdatacatalog.csv
INFO   | jvm 1    | main    | 2016/07/05 13:33:27.390 | [m[32mINFO  [hybrisHTTP34] (00000003-ImpEx-Import) [ImpExImportJob] Starting ImpEx cronjob "ImpEx-Import"
INFO   | jvm 1    | main    | 2016/07/05 13:33:27.390 | [m[32mINFO  [hybrisHTTP34] (00000003-ImpEx-Import) [ConfigurationImpl] HV000002: Ignoring XML configuration.
INFO   | jvm 1    | main    | 2016/07/05 13:33:27.494 | [m[32mINFO  [hybrisHTTP34] (00000003-ImpEx-Import) [Importer] Finished 1 pass in 0d 00h:00m:00s:117ms - processed: 3, no lines dumped (last pass 0)
INFO   | jvm 1    | main    | 2016/07/05 13:33:27.798 | [m[32mINFO  [hybrisHTTP34] [Initialization] Creating essential data for europe1 ...
INFO   | jvm 1    | main    | 2016/07/05 13:33:27.798 | [m[32mINFO  [hybrisHTTP34] [Initialization] Creating essential data for platformservices ...
INFO   | jvm 1    | main    | 2016/07/05 13:33:27.798 | [m[32mINFO  [hybrisHTTP34] [Initialization] Creating essential data for workflow ...
INFO   | jvm 1    | main    | 2016/07/05 13:33:27.798 | [m[32mINFO  [hybrisHTTP34] [WorkflowSystemSetup] Importing resource /workflow/adhoc_workflow_template.impex
INFO   | jvm 1    | main    | 2016/07/05 13:33:28.004 | [m[32mINFO  [hybrisHTTP34] [DefaultImportService] Starting import synchronous using cronjob with code=00000004
INFO   | jvm 1    | main    | 2016/07/05 13:33:28.004 | [m[32mINFO  [hybrisHTTP34] (00000004) [ImpExImportJob] Starting ImpEx cronjob "ImpEx-Import"
INFO   | jvm 1    | main    | 2016/07/05 13:33:28.414 | [m[32mINFO  [hybrisHTTP34] (00000004) [Importer] Finished 1 pass in 0d 00h:00m:00s:423ms - processed: 11, dumped: 1 (last pass: 0)
INFO   | jvm 1    | main    | 2016/07/05 13:33:28.414 | [m[32mINFO  [hybrisHTTP34] (00000004) [Importer] Starting pass 2
INFO   | jvm 1    | main    | 2016/07/05 13:33:28.414 | [m[32mINFO  [hybrisHTTP34] (00000004) [Importer] Finished 2 pass in 0d 00h:00m:00s:012ms - processed: 1, no lines dumped (last pass 1)
INFO   | jvm 1    | main    | 2016/07/05 13:33:28.415 | [m[32mINFO  [hybrisHTTP34] [DefaultImportService] Import was successful (using cronjob with code=00000004)
INFO   | jvm 1    | main    | 2016/07/05 13:33:28.515 | [m[32mINFO  [hybrisHTTP34] [Initialization] Creating essential data for hac ...
INFO   | jvm 1    | main    | 2016/07/05 13:33:28.515 | [m[32mINFO  [hybrisHTTP34] [Initialization] Creating essential data for comments ...
INFO   | jvm 1    | main    | 2016/07/05 13:33:28.515 | [m[32mINFO  [hybrisHTTP34] [Initialization] Creating essential data for advancedsavedquery ...
INFO   | jvm 1    | main    | 2016/07/05 13:33:28.515 | [m[32mINFO  [hybrisHTTP34] [Initialization] Creating essential data for ldap ...
INFO   | jvm 1    | main    | 2016/07/05 13:33:28.515 | [m[32mINFO  [hybrisHTTP34] [Initialization] Creating essential data for hmc ...
INFO   | jvm 1    | main    | 2016/07/05 13:33:28.515 | [m[32mINFO  [hybrisHTTP34] [Initialization] Creating essential data for mediaconversion ...
INFO   | jvm 1    | main    | 2016/07/05 13:33:28.515 | [m[32mINFO  [hybrisHTTP34] [ImpExSystemSetup] importing resource : /impex/essentialdata_mediaconversion_jobs.impex
INFO   | jvm 1    | main    | 2016/07/05 13:33:28.515 | [m[32mINFO  [hybrisHTTP34] (00000005-ImpEx-Import) [ImpExImportJob] Starting ImpEx cronjob "ImpEx-Import"
INFO   | jvm 1    | main    | 2016/07/05 13:33:28.515 | [m[32mINFO  [hybrisHTTP34] (00000005-ImpEx-Import) [Importer] Finished 1 pass in 0d 00h:00m:00s:011ms - processed: 3, no lines dumped (last pass 0)
INFO   | jvm 1    | main    | 2016/07/05 13:33:28.515 | [m[32mINFO  [hybrisHTTP34] [Initialization] Creating essential data for platformhmc ...
INFO   | jvm 1    | main    | 2016/07/05 13:33:28.515 | [m[32mINFO  [hybrisHTTP34] [Initialization] Creating essential data for cockpit ...
INFO   | jvm 1    | main    | 2016/07/05 13:33:28.515 | [m[32mINFO  [hybrisHTTP34] [CockpitManager] importing resource /cockpit/import/essential_data.csv
INFO   | jvm 1    | main    | 2016/07/05 13:33:28.515 | [m[32mINFO  [hybrisHTTP34] (00000006-ImpEx-Import) [ImpExImportJob] Starting ImpEx cronjob "ImpEx-Import"
INFO   | jvm 1    | main    | 2016/07/05 13:33:28.616 | [m[32mINFO  [hybrisHTTP34] (00000006-ImpEx-Import) [Importer] Finished 1 pass in 0d 00h:00m:00s:073ms - processed: 1, no lines dumped (last pass 0)
INFO   | jvm 1    | main    | 2016/07/05 13:33:28.616 | [m[32mINFO  [hybrisHTTP34] [CockpitManager] importing resource /cockpit/import/comments.csv
INFO   | jvm 1    | main    | 2016/07/05 13:33:28.717 | [m[32mINFO  [hybrisHTTP34] (00000007-ImpEx-Import) [ImpExImportJob] Starting ImpEx cronjob "ImpEx-Import"
INFO   | jvm 1    | main    | 2016/07/05 13:33:28.717 | [m[33mWARN  [hybrisHTTP34] (00000007-ImpEx-Import) [CollectionValueTranslator] line 5 at main script: Localized collection will be modified for Component.readPermitted, however language was not provided explicitly (session language used instead)
INFO   | jvm 1    | main    | 2016/07/05 13:33:28.717 | [m[33mWARN  [hybrisHTTP34] (00000007-ImpEx-Import) [CollectionValueTranslator] line 5 at main script: Localized collection will be modified for Component.writePermitted, however language was not provided explicitly (session language used instead)
INFO   | jvm 1    | main    | 2016/07/05 13:33:28.717 | [m[33mWARN  [hybrisHTTP34] (00000007-ImpEx-Import) [CollectionValueTranslator] line 5 at main script: Localized collection will be modified for Component.createPermitted, however language was not provided explicitly (session language used instead)
INFO   | jvm 1    | main    | 2016/07/05 13:33:28.717 | [m[33mWARN  [hybrisHTTP34] (00000007-ImpEx-Import) [CollectionValueTranslator] line 5 at main script: Localized collection will be modified for Component.removePermitted, however language was not provided explicitly (session language used instead)
INFO   | jvm 1    | main    | 2016/07/05 13:33:28.717 | [m[32mINFO  [hybrisHTTP34] (00000007-ImpEx-Import) [Importer] Finished 1 pass in 0d 00h:00m:00s:061ms - processed: 5, no lines dumped (last pass 0)
INFO   | jvm 1    | main    | 2016/07/05 13:33:28.820 | [m[32mINFO  [hybrisHTTP34] [CockpitManager] importing resource /cockpit/import/report_ui_components.csv
INFO   | jvm 1    | main    | 2016/07/05 13:33:28.820 | [m[32mINFO  [hybrisHTTP34] (00000008-ImpEx-Import) [ImpExImportJob] Starting ImpEx cronjob "ImpEx-Import"
INFO   | jvm 1    | main    | 2016/07/05 13:33:29.022 | [m[32mINFO  [hybrisHTTP34] (00000008-ImpEx-Import) [Importer] Finished 1 pass in 0d 00h:00m:00s:197ms - processed: 39, no lines dumped (last pass 0)
INFO   | jvm 1    | main    | 2016/07/05 13:33:29.022 | [m[32mINFO  [hybrisHTTP34] [CockpitSystemSetup] Import of jasper reports for editor area: Started...
INFO   | jvm 1    | main    | 2016/07/05 13:33:29.022 | [m[32mINFO  [hybrisHTTP34] [CockpitSystemSetup] Saving report for editor area: /cockpit/jasperreports/editorarea/editorAreaReferenceTableRows.jrxml as jasper media :EditorAreaReferenceTableRows
INFO   | jvm 1    | main    | 2016/07/05 13:33:29.022 | [m[32mINFO  [hybrisHTTP34] [CockpitSystemSetup] Saving report for editor area: /cockpit/jasperreports/editorarea/editorAreaLocalizedReport.jrxml as jasper media :EditorAreaLocalizedReport
INFO   | jvm 1    | main    | 2016/07/05 13:33:29.022 | [m[32mINFO  [hybrisHTTP34] [CockpitSystemSetup] Saving report for editor area: /cockpit/jasperreports/editorarea/editorAreaSectionsReport.jrxml as jasper media :EditorAreaSectionsReport
INFO   | jvm 1    | main    | 2016/07/05 13:33:29.022 | [m[32mINFO  [hybrisHTTP34] [CockpitSystemSetup] Saving report for editor area: /cockpit/jasperreports/editorarea/editorAreaCustomRow.jrxml as jasper media :EditorAreaCustomRow
INFO   | jvm 1    | main    | 2016/07/05 13:33:29.022 | [m[32mINFO  [hybrisHTTP34] [CockpitSystemSetup] Saving report for editor area: /cockpit/jasperreports/editorarea/editorAreaAttributesReport.jrxml as jasper media :EditorAreaAttributesReport
INFO   | jvm 1    | main    | 2016/07/05 13:33:29.022 | [m[32mINFO  [hybrisHTTP34] [CockpitSystemSetup] Saving report for editor area: /cockpit/jasperreports/editorarea/editorAreaTableColumnsTitlesReport.jrxml as jasper media :EditorAreaTableColumnsTitlesReport
INFO   | jvm 1    | main    | 2016/07/05 13:33:29.022 | [m[32mINFO  [hybrisHTTP34] [CockpitSystemSetup] Saving report for editor area: /cockpit/jasperreports/editorarea/editorAreaTableRowsReport.jrxml as jasper media :EditorAreaTableRowsReport
INFO   | jvm 1    | main    | 2016/07/05 13:33:29.126 | [m[32mINFO  [hybrisHTTP34] [CockpitSystemSetup] Saving report for editor area: /cockpit/jasperreports/editorarea/editorAreaMainReport.jrxml as jasper media :EditorAreaMainReport
INFO   | jvm 1    | main    | 2016/07/05 13:33:29.126 | [m[32mINFO  [hybrisHTTP34] [CockpitSystemSetup] Saving report for editor area: /cockpit/jasperreports/editorarea/editorAreaMediaReport.jrxml as jasper media :EditorAreaMediaReport
INFO   | jvm 1    | main    | 2016/07/05 13:33:29.126 | [m[32mINFO  [hybrisHTTP34] [CockpitSystemSetup] Saving report for editor area: /cockpit/jasperreports/editorarea/editorAreaTableReport.jrxml as jasper media :EditorAreaTableReport
INFO   | jvm 1    | main    | 2016/07/05 13:33:29.127 | [m[32mINFO  [hybrisHTTP34] [CockpitSystemSetup] Saving report for editor area: /cockpit/jasperreports/editorarea/editorAreaRowsReport.jrxml as jasper media :EditorAreaRowsReport
INFO   | jvm 1    | main    | 2016/07/05 13:33:29.127 | [m[32mINFO  [hybrisHTTP34] [CockpitSystemSetup] Saving report for editor area: /cockpit/jasperreports/editorarea/editorAreaCustomSection.jrxml as jasper media :EditorAreaCustomSection
INFO   | jvm 1    | main    | 2016/07/05 13:33:29.127 | [m[32mINFO  [hybrisHTTP34] [CockpitSystemSetup] Saving report for editor area: /cockpit/jasperreports/editorarea/editorAreaReferenceTable.jrxml as jasper media :EditorAreaReferenceTable
INFO   | jvm 1    | main    | 2016/07/05 13:33:29.634 | [m
INFO   | jvm 1    | main    | 2016/07/05 13:33:30.452 | [32mINFO  [hybrisHTTP34] [CockpitSystemSetup] Import of jasper reports for editor area: Finished.
INFO   | jvm 1    | main    | 2016/07/05 13:33:30.452 | [m[32mINFO  [hybrisHTTP34] [Initialization] Creating essential data for mcc ...
INFO   | jvm 1    | main    | 2016/07/05 13:33:30.452 | [m[32mINFO  [hybrisHTTP34] [MccManager] importing resource /impex/mcc_links.impex
INFO   | jvm 1    | main    | 2016/07/05 13:33:30.553 | [m[32mINFO  [hybrisHTTP34] (00000009-ImpEx-Import) [ImpExImportJob] Starting ImpEx cronjob "ImpEx-Import"
INFO   | jvm 1    | main    | 2016/07/05 13:33:30.761 | [m[32mINFO  [hybrisHTTP34] (00000009-ImpEx-Import) [Importer] Finished 1 pass in 0d 00h:00m:00s:263ms - processed: 36, no lines dumped (last pass 0)
INFO   | jvm 1    | main    | 2016/07/05 13:33:30.761 | [m[32mINFO  [hybrisHTTP34] [MccManager] importing resource /impex/mcc_links_en.impex
INFO   | jvm 1    | main    | 2016/07/05 13:33:30.761 | [m[32mINFO  [hybrisHTTP34] (0000000A-ImpEx-Import) [ImpExImportJob] Starting ImpEx cronjob "ImpEx-Import"
INFO   | jvm 1    | main    | 2016/07/05 13:33:30.864 | [m[32mINFO  [hybrisHTTP34] (0000000A-ImpEx-Import) [Importer] Finished 1 pass in 0d 00h:00m:00s:090ms - processed: 20, no lines dumped (last pass 0)
INFO   | jvm 1    | main    | 2016/07/05 13:33:30.964 | [m[32mINFO  [hybrisHTTP34] [MccManager] importing resource /impex/mcc_links_de.impex
INFO   | jvm 1    | main    | 2016/07/05 13:33:30.964 | [m[32mINFO  [hybrisHTTP34] (0000000B-ImpEx-Import) [ImpExImportJob] Starting ImpEx cronjob "ImpEx-Import"
INFO   | jvm 1    | main    | 2016/07/05 13:33:30.964 | [m[32mINFO  [hybrisHTTP34] (0000000B-ImpEx-Import) [Importer] Finished 1 pass in 0d 00h:00m:00s:084ms - processed: 20, no lines dumped (last pass 0)
INFO   | jvm 1    | main    | 2016/07/05 13:33:31.069 | [m[32mINFO  [hybrisHTTP34] [MccManager] importing resource /impex/mcc_links_es.impex
INFO   | jvm 1    | main    | 2016/07/05 13:33:31.070 | [m[32mINFO  [hybrisHTTP34] (0000000C-ImpEx-Import) [ImpExImportJob] Starting ImpEx cronjob "ImpEx-Import"
INFO   | jvm 1    | main    | 2016/07/05 13:33:31.172 | [m[32mINFO  [hybrisHTTP34] (0000000C-ImpEx-Import) [Importer] Finished 1 pass in 0d 00h:00m:00s:094ms - processed: 20, no lines dumped (last pass 0)
INFO   | jvm 1    | main    | 2016/07/05 13:33:31.172 | [m[32mINFO  [hybrisHTTP34] [MccManager] importing resource /impex/mcc_links_es_CO.impex
INFO   | jvm 1    | main    | 2016/07/05 13:33:31.172 | [m[32mINFO  [hybrisHTTP34] (0000000D-ImpEx-Import) [ImpExImportJob] Starting ImpEx cronjob "ImpEx-Import"
INFO   | jvm 1    | main    | 2016/07/05 13:33:31.276 | [m[32mINFO  [hybrisHTTP34] (0000000D-ImpEx-Import) [Importer] Finished 1 pass in 0d 00h:00m:00s:080ms - processed: 20, no lines dumped (last pass 0)
INFO   | jvm 1    | main    | 2016/07/05 13:33:31.276 | [m[32mINFO  [hybrisHTTP34] [MccManager] importing resource /impex/mcc_links_fr.impex
INFO   | jvm 1    | main    | 2016/07/05 13:33:31.276 | [m[32mINFO  [hybrisHTTP34] (0000000E-ImpEx-Import) [ImpExImportJob] Starting ImpEx cronjob "ImpEx-Import"
INFO   | jvm 1    | main    | 2016/07/05 13:33:31.377 | [m[32mINFO  [hybrisHTTP34] (0000000E-ImpEx-Import) [Importer] Finished 1 pass in 0d 00h:00m:00s:081ms - processed: 20, no lines dumped (last pass 0)
INFO   | jvm 1    | main    | 2016/07/05 13:33:31.377 | [m[32mINFO  [hybrisHTTP34] [MccManager] importing resource /impex/mcc_links_it.impex
INFO   | jvm 1    | main    | 2016/07/05 13:33:31.377 | [m[32mINFO  [hybrisHTTP34] (0000000F-ImpEx-Import) [ImpExImportJob] Starting ImpEx cronjob "ImpEx-Import"
INFO   | jvm 1    | main    | 2016/07/05 13:33:31.482 | [m[32mINFO  [hybrisHTTP34] (0000000F-ImpEx-Import) [Importer] Finished 1 pass in 0d 00h:00m:00s:085ms - processed: 20, no lines dumped (last pass 0)
INFO   | jvm 1    | main    | 2016/07/05 13:33:31.482 | [m[32mINFO  [hybrisHTTP34] [MccManager] importing resource /impex/mcc_links_ja.impex
INFO   | jvm 1    | main    | 2016/07/05 13:33:31.482 | [m[32mINFO  [hybrisHTTP34] (0000000G-ImpEx-Import) [ImpExImportJob] Starting ImpEx cronjob "ImpEx-Import"
INFO   | jvm 1    | main    | 2016/07/05 13:33:31.585 | [m[32mINFO  [hybrisHTTP34] (0000000G-ImpEx-Import) [Importer] Finished 1 pass in 0d 00h:00m:00s:086ms - processed: 20, no lines dumped (last pass 0)
INFO   | jvm 1    | main    | 2016/07/05 13:33:31.585 | [m[32mINFO  [hybrisHTTP34] [MccManager] importing resource /impex/mcc_links_ko.impex
INFO   | jvm 1    | main    | 2016/07/05 13:33:31.585 | [m[32mINFO  [hybrisHTTP34] (0000000H-ImpEx-Import) [ImpExImportJob] Starting ImpEx cronjob "ImpEx-Import"
INFO   | jvm 1    | main    | 2016/07/05 13:33:31.686 | [m[32mINFO  [hybrisHTTP34] (0000000H-ImpEx-Import) [Importer] Finished 1 pass in 0d 00h:00m:00s:085ms - processed: 20, no lines dumped (last pass 0)
INFO   | jvm 1    | main    | 2016/07/05 13:33:31.686 | [m[32mINFO  [hybrisHTTP34] [MccManager] importing resource /impex/mcc_links_pt.impex
INFO   | jvm 1    | main    | 2016/07/05 13:33:31.789 | [m[32mINFO  [hybrisHTTP34] (0000000I-ImpEx-Import) [ImpExImportJob] Starting ImpEx cronjob "ImpEx-Import"
INFO   | jvm 1    | main    | 2016/07/05 13:33:31.789 | [m[32mINFO  [hybrisHTTP34] (0000000I-ImpEx-Import) [Importer] Finished 1 pass in 0d 00h:00m:00s:085ms - processed: 20, no lines dumped (last pass 0)
INFO   | jvm 1    | main    | 2016/07/05 13:33:31.892 | [m[32mINFO  [hybrisHTTP34] [MccManager] importing resource /impex/mcc_links_ru.impex
INFO   | jvm 1    | main    | 2016/07/05 13:33:31.892 | [m[32mINFO  [hybrisHTTP34] (0000000J-ImpEx-Import) [ImpExImportJob] Starting ImpEx cronjob "ImpEx-Import"
INFO   | jvm 1    | main    | 2016/07/05 13:33:31.997 | [m[32mINFO  [hybrisHTTP34] (0000000J-ImpEx-Import) [Importer] Finished 1 pass in 0d 00h:00m:00s:082ms - processed: 20, no lines dumped (last pass 0)
INFO   | jvm 1    | main    | 2016/07/05 13:33:31.997 | [m[32mINFO  [hybrisHTTP34] [MccManager] importing resource /impex/mcc_links_zh.impex
INFO   | jvm 1    | main    | 2016/07/05 13:33:31.997 | [m[32mINFO  [hybrisHTTP34] (0000000K-ImpEx-Import) [ImpExImportJob] Starting ImpEx cronjob "ImpEx-Import"
INFO   | jvm 1    | main    | 2016/07/05 13:33:32.101 | [m[32mINFO  [hybrisHTTP34] (0000000K-ImpEx-Import) [Importer] Finished 1 pass in 0d 00h:00m:00s:079ms - processed: 20, no lines dumped (last pass 0)
INFO   | jvm 1    | main    | 2016/07/05 13:33:32.101 | [m[32mINFO  [hybrisHTTP34] [MccManager] importing resource /impex/mcc_links_zh_TW.impex
INFO   | jvm 1    | main    | 2016/07/05 13:33:32.101 | [m[32mINFO  [hybrisHTTP34] (0000000L-ImpEx-Import) [ImpExImportJob] Starting ImpEx cronjob "ImpEx-Import"
INFO   | jvm 1    | main    | 2016/07/05 13:33:32.206 | [m[32mINFO  [hybrisHTTP34] (0000000L-ImpEx-Import) [Importer] Finished 1 pass in 0d 00h:00m:00s:109ms - processed: 20, no lines dumped (last pass 0)
INFO   | jvm 1    | main    | 2016/07/05 13:33:32.206 | [m[32mINFO  [hybrisHTTP34] [MccManager] importing resource /impex/mcc_links_hi.impex
INFO   | jvm 1    | main    | 2016/07/05 13:33:32.207 | [m[32mINFO  [hybrisHTTP34] (0000000M-ImpEx-Import) [ImpExImportJob] Starting ImpEx cronjob "ImpEx-Import"
INFO   | jvm 1    | main    | 2016/07/05 13:33:32.307 | [m[32mINFO  [hybrisHTTP34] (0000000M-ImpEx-Import) [Importer] Finished 1 pass in 0d 00h:00m:00s:079ms - processed: 20, no lines dumped (last pass 0)
INFO   | jvm 1    | main    | 2016/07/05 13:33:32.307 | [m[32mINFO  [hybrisHTTP34] [MccManager] importing resource /impex/mcc_links_id.impex
INFO   | jvm 1    | main    | 2016/07/05 13:33:32.307 | [m[32mINFO  [hybrisHTTP34] (0000000N-ImpEx-Import) [ImpExImportJob] Starting ImpEx cronjob "ImpEx-Import"
INFO   | jvm 1    | main    | 2016/07/05 13:33:32.513 | [m[32mINFO  [hybrisHTTP34] (0000000N-ImpEx-Import) [Importer] Finished 1 pass in 0d 00h:00m:00s:131ms - processed: 20, no lines dumped (last pass 0)
INFO   | jvm 1    | main    | 2016/07/05 13:33:32.514 | [m[32mINFO  [hybrisHTTP34] [Initialization] Creating essential data for backoffice ...
INFO   | jvm 1    | main    | 2016/07/05 13:33:32.514 | [m[32mINFO  [hybrisHTTP34] [ImpExSystemSetup] importing resource : /impex/essentialdataUsersAndGroups.impex
INFO   | jvm 1    | main    | 2016/07/05 13:33:32.514 | [m[32mINFO  [hybrisHTTP34] (0000000O-ImpEx-Import) [ImpExImportJob] Starting ImpEx cronjob "ImpEx-Import"
INFO   | jvm 1    | main    | 2016/07/05 13:33:32.514 | [m[32mINFO  [hybrisHTTP34] (0000000O-ImpEx-Import) [Importer] Finished 1 pass in 0d 00h:00m:00s:009ms - processed: 1, no lines dumped (last pass 0)
INFO   | jvm 1    | main    | 2016/07/05 13:33:32.514 | [m[32mINFO  [hybrisHTTP34] [Initialization] Creating essential data for platformbackoffice ...
INFO   | jvm 1    | main    | 2016/07/05 13:33:32.514 | [m[32mINFO  [hybrisHTTP34] [Initialization] Creating essential data for admincockpit ...
INFO   | jvm 1    | main    | 2016/07/05 13:33:32.514 | [m[32mINFO  [hybrisHTTP34] [AdmincockpitManager] importing resource /impex/essentialdata_admincockpit_maintenance_jobs.impex
INFO   | jvm 1    | main    | 2016/07/05 13:33:32.514 | [m[32mINFO  [hybrisHTTP34] (0000000P-ImpEx-Import) [ImpExImportJob] Starting ImpEx cronjob "ImpEx-Import"
INFO   | jvm 1    | main    | 2016/07/05 13:33:32.614 | [m[32mINFO  [hybrisHTTP34] (0000000P-ImpEx-Import) [Importer] Finished 1 pass in 0d 00h:00m:00s:061ms - processed: 2, no lines dumped (last pass 0)
INFO   | jvm 1    | main    | 2016/07/05 13:33:32.614 | [m[32mINFO  [hybrisHTTP34] [ImpExSystemSetup] importing resource : /impex/essentialdata_admincockpit_access_rights.impex
INFO   | jvm 1    | main    | 2016/07/05 13:33:32.614 | [m[32mINFO  [hybrisHTTP34] (0000000Q-ImpEx-Import) [ImpExImportJob] Starting ImpEx cronjob "ImpEx-Import"
INFO   | jvm 1    | main    | 2016/07/05 13:33:32.614 | [m[32mINFO  [hybrisHTTP34] (0000000Q-ImpEx-Import) [Importer] Finished 1 pass in 0d 00h:00m:00s:008ms - processed: 0, no lines dumped (last pass 0)
INFO   | jvm 1    | main    | 2016/07/05 13:33:32.614 | [m[32mINFO  [hybrisHTTP34] [ImpExSystemSetup] importing resource : /impex/essentialdata_admincockpit_maintenance_jobs.impex
INFO   | jvm 1    | main    | 2016/07/05 13:33:32.718 | [m[32mINFO  [hybrisHTTP34] (0000000R-ImpEx-Import) [ImpExImportJob] Starting ImpEx cronjob "ImpEx-Import"
INFO   | jvm 1    | main    | 2016/07/05 13:33:32.718 | [m[33mWARN  [hybrisHTTP34] (0000000R-ImpEx-Import) [HeaderDescriptor] line 5 at main script: column job of type RemoveOrphanedFilesCronJob is not writable, but you want to update it. If you want to write this non writable attribute explicit, you have to use the forceWrite=true modifier. This warning is printed only once for header. Please check subsequent lines for similar problem.
INFO   | jvm 1    | main    | 2016/07/05 13:33:32.718 | [m[32mINFO  [hybrisHTTP34] (0000000R-ImpEx-Import) [Importer] Finished 1 pass in 0d 00h:00m:00s:006ms - processed: 2, no lines dumped (last pass 0)
INFO   | jvm 1    | main    | 2016/07/05 13:33:32.718 | [m[32mINFO  [hybrisHTTP34] [ImpExSystemSetup] importing resource : /impex/essentialdata_admincockpit_ui_access_rights.impex
INFO   | jvm 1    | main    | 2016/07/05 13:33:32.718 | [m[32mINFO  [hybrisHTTP34] (0000000S-ImpEx-Import) [ImpExImportJob] Starting ImpEx cronjob "ImpEx-Import"
INFO   | jvm 1    | main    | 2016/07/05 13:33:32.718 | [m[32mINFO  [hybrisHTTP34] (0000000S-ImpEx-Import) [Importer] Finished 1 pass in 0d 00h:00m:00s:025ms - processed: 1, no lines dumped (last pass 0)
INFO   | jvm 1    | main    | 2016/07/05 13:33:32.718 | [m[32mINFO  [hybrisHTTP34] [Initialization] Localizing types ...
INFO   | jvm 1    | main    | 2016/07/05 13:33:32.818 | [m[32mINFO  [hybrisHTTP34] [TypeLocalization] 8 threads will be used to localize type system.
INFO   | jvm 1    | main    | 2016/07/05 13:33:33.330 | [m
INFO   | jvm 1    | main    | 2016/07/05 13:33:34.050 | [32mINFO  [hybrisHTTP34] [BatchedStatementsExecutor] Waiting for all statements to be executed
INFO   | jvm 1    | main    | 2016/07/05 13:33:34.561 | [m
INFO   | jvm 1    | main    | 2016/07/05 13:33:34.869 | [32mINFO  [hybrisHTTP34] [BatchedStatementsExecutor] Succesfully executed 173521 statements.
INFO   | jvm 1    | main    | 2016/07/05 13:33:34.869 | [m[32mINFO  [hybrisHTTP34] [TypeLocalization] Localization took 2.073 s
INFO   | jvm 1    | main    | 2016/07/05 13:33:34.869 | [m[32mINFO  [hybrisHTTP34] [Initialization] Creating project data ...
INFO   | jvm 1    | main    | 2016/07/05 13:33:34.869 | [m[32mINFO  [hybrisHTTP34] [Initialization] Creating project data for core ...
INFO   | jvm 1    | main    | 2016/07/05 13:33:34.869 | [m[32mINFO  [hybrisHTTP34] [Initialization] Creating project data for scripting ...
INFO   | jvm 1    | main    | 2016/07/05 13:33:34.869 | [m[32mINFO  [hybrisHTTP34] [Initialization] Creating project data for mediaweb ...
INFO   | jvm 1    | main    | 2016/07/05 13:33:34.869 | [m[32mINFO  [hybrisHTTP34] [Initialization] Creating project data for commons ...
INFO   | jvm 1    | main    | 2016/07/05 13:33:34.869 | [m[32mINFO  [hybrisHTTP34] [Initialization] Creating project data for processing ...
INFO   | jvm 1    | main    | 2016/07/05 13:33:34.869 | [m[32mINFO  [hybrisHTTP34] [Initialization] Creating project data for impex ...
INFO   | jvm 1    | main    | 2016/07/05 13:33:34.869 | [m[32mINFO  [hybrisHTTP34] [ImpExSystemSetup] importing resource : /impex/projectdata-ImpexSystemSetupTestDefault.impex
INFO   | jvm 1    | main    | 2016/07/05 13:33:34.974 | [m[32mINFO  [hybrisHTTP34] (0000000T-ImpEx-Import) [ImpExImportJob] Starting ImpEx cronjob "ImpEx-Import"
INFO   | jvm 1    | main    | 2016/07/05 13:33:34.974 | [m[32mINFO  [hybrisHTTP34] (0000000T-ImpEx-Import) [Importer] Finished 1 pass in 0d 00h:00m:00s:000ms - processed: 0, no lines dumped (last pass 0)
INFO   | jvm 1    | main    | 2016/07/05 13:33:34.974 | [m[32mINFO  [hybrisHTTP34] [Initialization] Creating project data for validation ...
INFO   | jvm 1    | main    | 2016/07/05 13:33:34.974 | [m[32mINFO  [hybrisHTTP34] [Initialization] Creating project data for catalog ...
INFO   | jvm 1    | main    | 2016/07/05 13:33:34.974 | [m[32mINFO  [hybrisHTTP34] [Initialization] Creating project data for europe1 ...
INFO   | jvm 1    | main    | 2016/07/05 13:33:34.974 | [m[32mINFO  [hybrisHTTP34] [Initialization] Creating project data for platformservices ...
INFO   | jvm 1    | main    | 2016/07/05 13:33:34.975 | [m[32mINFO  [hybrisHTTP34] [Initialization] Creating project data for workflow ...
INFO   | jvm 1    | main    | 2016/07/05 13:33:34.975 | [m[32mINFO  [hybrisHTTP34] [Initialization] Creating project data for hac ...
INFO   | jvm 1    | main    | 2016/07/05 13:33:34.975 | [m[32mINFO  [hybrisHTTP34] [Initialization] Creating project data for comments ...
INFO   | jvm 1    | main    | 2016/07/05 13:33:34.975 | [m[32mINFO  [hybrisHTTP34] [Initialization] Creating project data for advancedsavedquery ...
INFO   | jvm 1    | main    | 2016/07/05 13:33:34.975 | [m[32mINFO  [hybrisHTTP34] [Initialization] Creating project data for ldap ...
INFO   | jvm 1    | main    | 2016/07/05 13:33:34.975 | [m[32mINFO  [hybrisHTTP34] [Initialization] Creating project data for hmc ...
INFO   | jvm 1    | main    | 2016/07/05 13:33:34.975 | [m[32mINFO  [hybrisHTTP34] [Initialization] Creating project data for mediaconversion ...
INFO   | jvm 1    | main    | 2016/07/05 13:33:34.975 | [m[32mINFO  [hybrisHTTP34] [ImpExSystemSetup] importing resource : /impex/projectdata_mediaconversion_cronjobs.impex
INFO   | jvm 1    | main    | 2016/07/05 13:33:34.975 | [m[32mINFO  [hybrisHTTP34] (0000000U-ImpEx-Import) [ImpExImportJob] Starting ImpEx cronjob "ImpEx-Import"
INFO   | jvm 1    | main    | 2016/07/05 13:33:35.075 | [m[32mINFO  [hybrisHTTP34] (0000000U-ImpEx-Import) [Importer] Finished 1 pass in 0d 00h:00m:00s:079ms - processed: 2, no lines dumped (last pass 0)
INFO   | jvm 1    | main    | 2016/07/05 13:33:35.075 | [m[32mINFO  [hybrisHTTP34] [Initialization] Creating project data for platformhmc ...
INFO   | jvm 1    | main    | 2016/07/05 13:33:35.075 | [m[32mINFO  [hybrisHTTP34] [Initialization] Creating project data for cockpit ...
INFO   | jvm 1    | main    | 2016/07/05 13:33:35.075 | [m[32mINFO  [hybrisHTTP34] [CockpitManager] importing resource /cockpit/import/core_ui_components.csv
INFO   | jvm 1    | main    | 2016/07/05 13:33:35.075 | [m[32mINFO  [hybrisHTTP34] (0000000V-ImpEx-Import) [ImpExImportJob] Starting ImpEx cronjob "ImpEx-Import"
INFO   | jvm 1    | main    | 2016/07/05 13:33:35.584 | [m
INFO   | jvm 1    | main    | 2016/07/05 13:33:35.790 | [32mINFO  [hybrisHTTP34] (0000000V-ImpEx-Import) [Importer] Finished 1 pass in 0d 00h:00m:00s:726ms - processed: 182, no lines dumped (last pass 0)
INFO   | jvm 1    | main    | 2016/07/05 13:33:35.790 | [m[32mINFO  [hybrisHTTP34] [Initialization] Creating project data for mcc ...
INFO   | jvm 1    | main    | 2016/07/05 13:33:35.790 | [m[32mINFO  [hybrisHTTP34] [Initialization] Creating project data for backoffice ...
INFO   | jvm 1    | main    | 2016/07/05 13:33:35.790 | [m[32mINFO  [hybrisHTTP34] [ImpExSystemSetup] importing resource : /impex/projectdataCockpitConfig.impex
INFO   | jvm 1    | main    | 2016/07/05 13:33:35.891 | [m[32mINFO  [hybrisHTTP34] (0000000W-ImpEx-Import) [ImpExImportJob] Starting ImpEx cronjob "ImpEx-Import"
INFO   | jvm 1    | main    | 2016/07/05 13:33:35.891 | [m[32mINFO  [hybrisHTTP34] (0000000W-ImpEx-Import) [Importer] Finished 1 pass in 0d 00h:00m:00s:012ms - processed: 1, no lines dumped (last pass 0)
INFO   | jvm 1    | main    | 2016/07/05 13:33:35.891 | [m[32mINFO  [hybrisHTTP34] [ImpExSystemSetup] importing resource : /impex/projectdataUsersAndGroups.impex
INFO   | jvm 1    | main    | 2016/07/05 13:33:35.891 | [m[32mINFO  [hybrisHTTP34] (0000000X-ImpEx-Import) [ImpExImportJob] Starting ImpEx cronjob "ImpEx-Import"
INFO   | jvm 1    | main    | 2016/07/05 13:33:35.891 | [m[32mINFO  [hybrisHTTP34] (0000000X-ImpEx-Import) [Importer] Finished 1 pass in 0d 00h:00m:00s:023ms - processed: 1, no lines dumped (last pass 0)
INFO   | jvm 1    | main    | 2016/07/05 13:33:35.891 | [m[32mINFO  [hybrisHTTP34] [ImpExSystemSetup] importing resource : /impex/projectdataValidation.impex
INFO   | jvm 1    | main    | 2016/07/05 13:33:35.994 | [m[32mINFO  [hybrisHTTP34] (0000000Y-ImpEx-Import) [ImpExImportJob] Starting ImpEx cronjob "ImpEx-Import"
INFO   | jvm 1    | main    | 2016/07/05 13:33:35.994 | [m[32mINFO  [hybrisHTTP34] (0000000Y-ImpEx-Import) [Importer] Finished 1 pass in 0d 00h:00m:00s:048ms - processed: 2, no lines dumped (last pass 0)
INFO   | jvm 1    | main    | 2016/07/05 13:33:35.994 | [m[32mINFO  [hybrisHTTP34] [Initialization] Creating project data for platformbackoffice ...
INFO   | jvm 1    | main    | 2016/07/05 13:33:35.994 | [m[32mINFO  [hybrisHTTP34] [Initialization] Creating project data for admincockpit ...
INFO   | jvm 1    | main    | 2016/07/05 13:33:36.094 | [m[32mINFO  [hybrisHTTP34] [CockpitImportConfig] Importing cockpit configuration files for extension: admincockpit
INFO   | jvm 1    | main    | 2016/07/05 13:33:36.094 | [m[32mINFO  [hybrisHTTP34] (0000000Z-ImpEx-Import) [ImpExImportJob] Starting ImpEx cronjob "ImpEx-Import"
INFO   | jvm 1    | main    | 2016/07/05 13:33:36.508 | [m[32mINFO  [hybrisHTTP34] (0000000Z-ImpEx-Import) [Importer] Finished 1 pass in 0d 00h:00m:00s:438ms - processed: 122, no lines dumped (last pass 0)
INFO   | jvm 1    | main    | 2016/07/05 13:33:37.016 | [m
INFO   | jvm 1    | main    | 2016/07/05 13:33:39.497 | [33mWARN  [hybrisHTTP34] [CockpitModuleComponentDefinitionService] Could not get library for module extension://cockpit
INFO   | jvm 1    | main    | 2016/07/05 13:33:39.498 | [m[33mWARN  [hybrisHTTP34] [CockpitModuleComponentDefinitionService] Could not get library for module extension://mcc
INFO   | jvm 1    | main    | 2016/07/05 13:33:39.498 | [m[32mINFO  [hybrisHTTP34] [BackofficeLibraryHandler] Copy platformbackoffice_bof.jar from extension platformbackoffice
INFO   | jvm 1    | main    | 2016/07/05 13:33:39.498 | [m[32mINFO  [hybrisHTTP34] [CockpitModuleComponentDefinitionService] Adding classpath:platformbackoffice-backoffice-spring.xml to backoffice applicationContext
INFO   | jvm 1    | main    | 2016/07/05 13:33:40.013 | [m
INFO   | jvm 1    | main    | 2016/07/05 13:33:41.452 | [32mINFO  [hybrisHTTP34] [Reflections] Reflections took 8 ms to scan 8 urls, producing 292 keys and 572 values 
INFO   | jvm 1    | main    | 2016/07/05 13:33:41.968 | [m
INFO   | jvm 1    | main    | 2016/07/05 13:33:42.799 | [32mINFO  [hybrisHTTP34] [BackofficeWidgetPersistenceService] cockpitng-widgets-config media created
INFO   | jvm 1    | main    | 2016/07/05 13:33:42.799 | [m[32mINFO  [hybrisHTTP34] [Initialization] ###############################################################
INFO   | jvm 1    | main    | 2016/07/05 13:33:42.799 | [m[32mINFO  [hybrisHTTP34] [Initialization] FINISHED. The initialization took: 0d 00h:00m:50s:224ms
INFO   | jvm 1    | main    | 2016/07/05 13:33:42.799 | [m[32mINFO  [hybrisHTTP34] [Initialization] ###############################################################
INFO   | jvm 1    | main    | 2016/07/05 13:33:43.308 | [m
INFO   | jvm 1    | main    | 2016/07/05 13:37:26.934 | [33mWARN  [hybrisHTTP31] [ExtensibleItemEJB] Error decrypting property 'encodedPassword' of item 8796093054980 - probably not encrypted? Using raw value!
INFO   | jvm 1    | main    | 2016/07/05 13:37:27.446 | [m
